C51 COMPILER V9.01   2017_3_13                                                             03/13/2017 19:04:21 PAGE 1   


C51 COMPILER V9.01, COMPILATION OF MODULE 2017_3_13
OBJECT MODULE PLACED IN 2017-3-13.OBJ
COMPILER INVOKED BY: F:\Keil\C51\BIN\C51.EXE 2017-3-13.c BROWSE DEBUG OBJECTEXTEND

line level    source

   1          #include<reg52.h>
   2          #define uchar unsigned char
   3          #define uint unsigned int
   4          sbit dula=P2^6;
   5          sbit wela=P2^7;
   6          uchar code table[]={
   7          0x3f,0x06,0x5b,0x4f,
   8          0x66,0x6d,0x7d,0x07,
   9          0x7f,0x6f,0x77,0x7c,
  10          0x39,0x5e,0x79,0x71};
  11          void delayms(uint);
  12          void main()
  13          {
  14   1        while(1)
  15   1        {
  16   2              dula=1;
  17   2              P0=table[1];
  18   2              dula=0;
  19   2              P0=0xff;
  20   2              wela=1;
  21   2              P0=0xfe;
  22   2              wela=0;
  23   2              delayms(500);
  24   2              
  25   2              
  26   2              dula=1;
  27   2              P0=table[2];
  28   2              dula=0;
  29   2              P0=0xff;
  30   2              wela=1;
  31   2              P0=0xfd;
  32   2              wela=0;
  33   2              delayms(500);
  34   2      
  35   2              dula=1;
  36   2              P0=table[3];
  37   2              dula=0;
  38   2              P0=0xff;
  39   2              wela=1;
  40   2              P0=0xfb;
  41   2              wela=0;
  42   2              delayms(500) ;
  43   2      
  44   2              dula=1;
  45   2              P0=table[4];
  46   2              dula=0;
  47   2              P0=0xff;
  48   2              wela=1;
  49   2              P0=0xf7;
  50   2              wela=0;
  51   2              delayms(500) ;
  52   2      
  53   2              dula=1;
  54   2              P0=table[5];
  55   2              dula=0;
C51 COMPILER V9.01   2017_3_13                                                             03/13/2017 19:04:21 PAGE 2   

  56   2              P0=0xff;
  57   2              wela=1;
  58   2              P0=0xef;
  59   2              wela=0;
  60   2              delayms(500)    ;
  61   2      
  62   2              dula=1;
  63   2              P0=table[6];
  64   2              dula=0;
  65   2              P0=0xff;
  66   2              wela=1;
  67   2              P0=0xdf;
  68   2              wela=0;
  69   2              delayms(500) ;
  70   2      
  71   2      
  72   2      
  73   2      
  74   2      
  75   2        }
  76   1        
  77   1        
  78   1      }
  79          
  80          void delayms(uint xms)
  81          {
  82   1        uint i,j;
  83   1        for(i=xms;i>0;i--)
  84   1         for(j=110;j>0;j--);
  85   1      }
  86          


MODULE INFORMATION:   STATIC OVERLAYABLE
   CODE SIZE        =    171    ----
   CONSTANT SIZE    =     16    ----
   XDATA SIZE       =   ----    ----
   PDATA SIZE       =   ----    ----
   DATA SIZE        =   ----    ----
   IDATA SIZE       =   ----    ----
   BIT SIZE         =   ----    ----
END OF MODULE INFORMATION.


C51 COMPILATION COMPLETE.  0 WARNING(S),  0 ERROR(S)
