C51 COMPILER V9.01   ·_Ã_Æ÷                                                                03/18/2017 11:26:09 PAGE 1   


C51 COMPILER V9.01, COMPILATION OF MODULE ·_Ã_Æ÷
OBJECT MODULE PLACED IN ·äÃùÆ÷.OBJ
COMPILER INVOKED BY: F:\Keil\C51\BIN\C51.EXE ·äÃùÆ÷.c BROWSE DEBUG OBJECTEXTEND

line level    source

   1          #include<reg52.h>
   2          #include <intrins.h>
   3          #define uint unsigned int 
   4          #define uchar unsigned char 
   5          uchar temp,num,num1;
   6          sbit beep=P2^3;
   7          void delay(uint);
   8          
   9          void main()
  10          {
  11   1                      
  12   1             
  13   1              while(1)
  14   1              {       
  15   2      
  16   2                              beep=0;
  17   2                              delay(1000);
  18   2                              beep=1;
  19   2                              delay(1000);    
  20   2              }
  21   1      }
  22          
  23          void delay(uint z)
  24          {
  25   1              uint x,y;
  26   1              for(x=z;x>0;x--)
  27   1                      for(y=110;y>0;y--);     
  28   1      }


MODULE INFORMATION:   STATIC OVERLAYABLE
   CODE SIZE        =     50    ----
   CONSTANT SIZE    =   ----    ----
   XDATA SIZE       =   ----    ----
   PDATA SIZE       =   ----    ----
   DATA SIZE        =      3    ----
   IDATA SIZE       =   ----    ----
   BIT SIZE         =   ----    ----
END OF MODULE INFORMATION.


C51 COMPILATION COMPLETE.  0 WARNING(S),  0 ERROR(S)
