C51 COMPILER V9.01   点亮发_二极_                                                        04/02/2017 17:40:52 PAGE 1   


C51 COMPILER V9.01, COMPILATION OF MODULE 点亮发_二极_
OBJECT MODULE PLACED IN 点亮发光二极管.OBJ
COMPILER INVOKED BY: F:\Keil\C51\BIN\C51.EXE 点亮发光二极管.c BROWSE DEBUG OBJECTEXTEND

line level    source

   1          #include<reg52.h>
   2          void Delay10ms(unsigned int c)  ;
   3          void display();
   4          void main()
   5          {
   6   1              while(1)
   7   1              {
   8   2                      display();
   9   2      
  10   2              }
  11   1              
  12   1      }  
  13          void Delay10ms(unsigned int c)  
  14          {
  15   1          unsigned char a, b;
  16   1          for (;c>0;c--)
  17   1              {
  18   2                      for (b=38;b>0;b--)
  19   2                      {
  20   3                              for (a=130;a>0;a--);
  21   3                      }
  22   2                 
  23   2              }
  24   1              
  25   1      }
  26          
  27          void display()
  28          {
  29   1                              P0=0x01;
  30   1                      Delay10ms(50);  
  31   1                      P0=0x02;        
  32   1                      Delay10ms(50); 
  33   1                      P0=0x04;        
  34   1                      Delay10ms(50);
  35   1                      P0=0x08;        
  36   1                      Delay10ms(50);
  37   1                      P0=0x10;        
  38   1                      Delay10ms(50);    
  39   1                      P0=0x40;        
  40   1                      Delay10ms(50);   
  41   1                      P0=0x80;        
  42   1                      Delay10ms(50);   
  43   1                      P0=0x81;
  44   1                              Delay10ms(50); 
  45   1                      P0=0x82;
  46   1                              Delay10ms(50); 
  47   1                      P0=0x84;
  48   1                              Delay10ms(50); 
  49   1                      P0=0x88;
  50   1                              Delay10ms(50); 
  51   1                      P0=0x90;
  52   1                              Delay10ms(50); 
  53   1                      P0=0xc0;
  54   1                              Delay10ms(50); 
  55   1                      P0=0xc1;
C51 COMPILER V9.01   点亮发_二极_                                                        04/02/2017 17:40:52 PAGE 2   

  56   1                              Delay10ms(50); 
  57   1                      P0=0xc2;
  58   1                              Delay10ms(50); 
  59   1                      P0=0xc4;
  60   1                              Delay10ms(50); 
  61   1                      P0=0xc8;
  62   1                              Delay10ms(50); 
  63   1                      P0=0xd0;
  64   1                              Delay10ms(50); 
  65   1                      P0=0xd1;
  66   1                              Delay10ms(50); 
  67   1                      P0=0xd2;
  68   1                              Delay10ms(50); 
  69   1                      P0=0xd4;
  70   1                              Delay10ms(50); 
  71   1                      P0=0xd8;
  72   1                              Delay10ms(50); 
  73   1                      P0=0xf9;
  74   1                              Delay10ms(50); 
  75   1                      P0=0xfa;
  76   1                              Delay10ms(50); 
  77   1                      P0=0xfc;
  78   1                              Delay10ms(50); 
  79   1                      P0=0xfd;
  80   1                              Delay10ms(50); 
  81   1                      P0=0xfe; 
  82   1                              Delay10ms(50);
  83   1                      P0=0xff;                           
  84   1                              Delay10ms(100); 
  85   1                      P0=0x00;
  86   1                              Delay10ms(50); 
  87   1                      P0=0xff;
  88   1                              Delay10ms(50); 
  89   1                      P0=0x00;
  90   1                              Delay10ms(50);
  91   1                      P0=0xff;
  92   1                              Delay10ms(50); 
  93   1                      P0=0x00; 
  94   1                              Delay10ms(50);
  95   1                      P0=0xff;                           
  96   1                              Delay10ms(50); 
  97   1      
  98   1      
  99   1      }


MODULE INFORMATION:   STATIC OVERLAYABLE
   CODE SIZE        =    243    ----
   CONSTANT SIZE    =   ----    ----
   XDATA SIZE       =   ----    ----
   PDATA SIZE       =   ----    ----
   DATA SIZE        =   ----    ----
   IDATA SIZE       =   ----    ----
   BIT SIZE         =   ----    ----
END OF MODULE INFORMATION.


C51 COMPILATION COMPLETE.  0 WARNING(S),  0 ERROR(S)
