C51 COMPILER V9.01   2017_3_23_01                                                          03/23/2017 18:01:35 PAGE 1   


C51 COMPILER V9.01, COMPILATION OF MODULE 2017_3_23_01
OBJECT MODULE PLACED IN 2017-3-23-01.OBJ
COMPILER INVOKED BY: F:\Keil\C51\BIN\C51.EXE 2017-3-23-01.c BROWSE DEBUG OBJECTEXTEND

line level    source

   1          #include <reg52.h>
   2          #include <intrins.h>
   3          #define uchar unsigned char
   4          #define uint unsigned int
   5          sbit dula=P2^6;
   6          sbit wela=P2^7;
   7          uchar code table[]={
   8          0x3f,0x06,0x5b,0x4f,
   9          0x66,0x6d,0x7d,0x07,
  10          0x7f,0x6f,0x77,0x7c,
  11          0x39,0x5e,0x79,0x71,
  12          0x76,0x79,0x38,0x3f,0};
  13          uchar temp,t0,t1,bai,shi,ge,flag,flag1;
  14          uint shu;
  15          void init();
  16          void delay(uint z);
  17          void display(uchar aa,uchar bb,uchar cc,uchar ba,uchar sh,uchar g);
  18          void main()
  19          {
  20   1              init();
  21   1              while(1)
  22   1              {       
  23   2                       if(flag1!=1)
  24   2                              display(7,6,5,bai,shi,ge);
  25   2                       else
  26   2                               display(16,17,18,18,19,20);
  27   2              }               
  28   1      
  29   1      }
  30          
  31          
  32          
  33          void init()
  34          {
  35   1              shu=432;
  36   1              temp=0xfe;
  37   1              P1=temp;
  38   1              TMOD=0x11;
  39   1              TH0=(65536-50000)/256;
  40   1              TL0=(65536-50000)%256;
  41   1              TH1=(65536-50000)/256;
  42   1              TL1=(65536-50000)%256;
  43   1              EA=1;
  44   1              ET0=1;
  45   1              TR0=1;
  46   1              ET1=1;
  47   1              TR1=1;
  48   1      
  49   1      }       
  50          
  51          
  52          
  53          void timer0() interrupt 1
  54          {       
  55   1              TH0=(65536-50000)/256;
C51 COMPILER V9.01   2017_3_23_01                                                          03/23/2017 18:01:35 PAGE 2   

  56   1              TL0=(65536-50000)%256;
  57   1              t0++;
  58   1              if(flag!=1)
  59   1              {
  60   2                      if(t0==10)                        //500ms
  61   2                              {       
  62   3                                       t0=1;
  63   3                                       temp=_crol_(temp,1);
  64   3                                       P1=temp;
  65   3                              }
  66   2              }
  67   1              else
  68   1                      {
  69   2                              if(t0%4==0)
  70   2                                      P1=~P1;
  71   2                              if(t0==60) 
  72   2                              {
  73   3                                      TR0=0;
  74   3                                      P1=0xff;
  75   3                                      flag1=1;
  76   3                              }
  77   2                              
  78   2                      }
  79   1      }
  80          
  81          
  82          
  83          void timer1() interrupt 3
  84          {       
  85   1              TH1=(65536-50000)/256;
  86   1              TL1=(65536-50000)%256;
  87   1              t1++;
  88   1              if(t1==2)                         //500ms
  89   1              {       
  90   2                       t1=0;
  91   2                       shu--;
  92   2                       bai=shu/100;
  93   2                       shi=shu%100/10;
  94   2                       ge=shu%10;
  95   2                       if(shu==398)
  96   2                       {
  97   3                              TR0=0;
  98   3                              TH0=(65536-50000)/256;
  99   3                              TL0=(65536-50000)%256;
 100   3                              TR0=1;
 101   3                              flag=1;
 102   3                              t0=0;
 103   3                              P1=0xff;
 104   3                              TR1=0;
 105   3                                      
 106   3                       }
 107   2              }
 108   1      
 109   1      }
 110          
 111          
 112          void display(uchar aa,uchar bb,uchar cc,uchar ba,uchar sh,uchar g)
 113          {
 114   1              dula=1;
 115   1                      P0=table[aa];
 116   1                      dula=0;
 117   1                      P0=0xff;
C51 COMPILER V9.01   2017_3_23_01                                                          03/23/2017 18:01:35 PAGE 3   

 118   1                      wela=1;
 119   1                      P0=0xfe;
 120   1                      wela=0;
 121   1                      delay(1);
 122   1      
 123   1              dula=1;
 124   1                      P0=table[bb];
 125   1                      dula=0;
 126   1                      P0=0xff;
 127   1                      wela=1;
 128   1                      P0=0xfd;
 129   1                      wela=0;
 130   1                      delay(1);
 131   1      
 132   1             dula=1;
 133   1                      P0=table[cc];
 134   1                      dula=0;
 135   1                      P0=0xff;
 136   1                      wela=1;
 137   1                      P0=0xfb;
 138   1                      wela=0;
 139   1                      delay(1);
 140   1              dula=1;
 141   1                      P0=table[ba];
 142   1                      dula=0;
 143   1                      P0=0xff;
 144   1                      wela=1;
 145   1                      P0=0xf7;
 146   1                      wela=0;
 147   1                      delay(1);
 148   1      
 149   1                      dula=1;
 150   1                      P0=table[sh];
 151   1                      dula=0;
 152   1                      P0=0xff;
 153   1                      wela=1;
 154   1                      P0=0xef;
 155   1                      wela=0;
 156   1                      delay(1);
 157   1      
 158   1                      dula=1;
 159   1                      P0=table[g];
 160   1                      dula=0;
 161   1                      P0=0xff;
 162   1                      wela=1;
 163   1                      P0=0xdf;
 164   1                      wela=0;
 165   1                      delay(1);
 166   1      }
 167          
 168          void delay(uint z)
 169          {
 170   1              uint t1,y;
 171   1              for(t1=z;t1>0;t1--)
 172   1                      for(y=110;y>0;y--);
 173   1      }                               


MODULE INFORMATION:   STATIC OVERLAYABLE
   CODE SIZE        =    495    ----
   CONSTANT SIZE    =     21    ----
   XDATA SIZE       =   ----    ----
C51 COMPILER V9.01   2017_3_23_01                                                          03/23/2017 18:01:35 PAGE 4   

   PDATA SIZE       =   ----    ----
   DATA SIZE        =     10       6
   IDATA SIZE       =   ----    ----
   BIT SIZE         =   ----    ----
END OF MODULE INFORMATION.


C51 COMPILATION COMPLETE.  0 WARNING(S),  0 ERROR(S)
