C51 COMPILER V9.01   4_1                                                                   04/21/2017 15:32:32 PAGE 1   


C51 COMPILER V9.01, COMPILATION OF MODULE 4_1
OBJECT MODULE PLACED IN 4.1.OBJ
COMPILER INVOKED BY: F:\Keil\C51\BIN\C51.EXE 4.1.c BROWSE DEBUG OBJECTEXTEND

line level    source

   1          #include<reg52.h>
   2          #define uchar unsigned char
   3          #define uing unsigned int
   4          uchar tabwe[]=
   5          {
   6          0xfe,0xfd,0xfb,0xf7,0xef,0xdf
   7          };
   8          uchar code tabdu[]={
   9          0x3f,0x06,0x5b,0x4f,
  10          0x66,0x6d,0x7d,0x07,
  11          0x7f,0x6f,0x77,0x7c,
  12          0x39,0x5e,0x79,0x71};
  13          sbit dula=P2^6;
  14          sbit wela=P2^7;
  15          uchar wei,duan;
  16          void delay(uchar z)
  17          {
  18   1              uchar x,y;
  19   1              for(x=z;x>0;x--)
  20   1                      for(y=110;y>0;y--);
  21   1      }
  22          void main()
  23          {
  24   1              wei=0;duan=6;
  25   1              while(1)
  26   1              {
  27   2                      P0=tabdu[duan];                 
  28   2                      dula=1;
  29   2      
  30   2                      dula=0;
  31   2      //              P0=0xff;
  32   2                      P0=tabwe[wei];
  33   2                      wela=1;
  34   2      
  35   2                      wela=0;
  36   2                      P0=0x00;
  37   2                      delay(1);
  38   2                      wei++;
  39   2                      duan--;
  40   2                      if(wei==6) wei=0;
  41   2                      if(duan==0) duan=6;
  42   2                      
  43   2              }
  44   1      }


MODULE INFORMATION:   STATIC OVERLAYABLE
   CODE SIZE        =     73    ----
   CONSTANT SIZE    =     16    ----
   XDATA SIZE       =   ----    ----
   PDATA SIZE       =   ----    ----
   DATA SIZE        =      8    ----
   IDATA SIZE       =   ----    ----
   BIT SIZE         =   ----    ----
END OF MODULE INFORMATION.

C51 COMPILER V9.01   4_1                                                                   04/21/2017 15:32:32 PAGE 2   


C51 COMPILATION COMPLETE.  0 WARNING(S),  0 ERROR(S)
