C51 COMPILER V9.01   4_2                                                                   04/21/2017 18:01:48 PAGE 1   


C51 COMPILER V9.01, COMPILATION OF MODULE 4_2
OBJECT MODULE PLACED IN 4.2.OBJ
COMPILER INVOKED BY: F:\Keil\C51\BIN\C51.EXE 4.2.c BROWSE DEBUG OBJECTEXTEND

line level    source

   1          #include<reg52.h>
   2          #define uchar unsigned char
   3          #define uint unsigned int
   4          sbit dula=P2^6;
   5          sbit wela=P2^7;
   6          uchar code table[]={   //ÊýÂë¹ÜÏÔÊ¾±àÂë
   7          0x3f,0x06,0x5b,0x4f,
   8          0x66,0x6d,0x7d,0x07,
   9          0x7f,0x6f,0x77,0x7c,
  10          0x39,0x5e,0x79,0x71};
  11          uchar tt,shu=0,ge,shi; uchar z=0;
  12          void main()
  13          {
  14   1              uchar i,j;
  15   1              TMOD=0x10;
  16   1              TH1=(65536-10000)/256;
  17   1              TL1=(65536-10000)%256;
  18   1              EA=1;
  19   1              ET1=1;
  20   1              TR1=1;
  21   1              while(1)
  22   1              {       
  23   2                  wela=1;
  24   2                      P0=0xfd;
  25   2                      wela=0;
  26   2                      P0=0x00;                        
  27   2                      dula=1;
  28   2                      P0=table[ge];
  29   2                      dula=0;
  30   2              //      for(i=999;i>0;i--)
  31   2                       for(j=569;j>0;j--);   
  32   2                      P0=0xff;
  33   2                      wela=1;
  34   2                      P0=0xfe;
  35   2                      wela=0;
  36   2                      P0=0x00;
  37   2                      dula=1;
  38   2                      P0=table[shi];
  39   2                      dula=0;
  40   2                      P0=0xff;
  41   2      //                      for(i=699;i>0;i--) 
  42   2                      for(j=599;j>0;j--);
  43   2                      if(shu==99)
  44   2                              shu=0;
  45   2                              
  46   2      
  47   2              }
  48   1      }
*** WARNING C280 IN LINE 14 OF 4.2.C: 'i': unreferenced local variable
  49          
  50          
  51          void timer1() interrupt 3
  52          {
  53   1      
  54   1              TH1=(65536-10000)/256;
C51 COMPILER V9.01   4_2                                                                   04/21/2017 18:01:48 PAGE 2   

  55   1              TL1=(65536-10000)%256;
  56   1               tt++;
  57   1               if(tt%5==0)
  58   1              {tt=0;
  59   2              shu++;
  60   2              shi=shu/10;
  61   2                      ge=shu%10; }
  62   1                      
  63   1              
  64   1      }


MODULE INFORMATION:   STATIC OVERLAYABLE
   CODE SIZE        =    135    ----
   CONSTANT SIZE    =     16    ----
   XDATA SIZE       =   ----    ----
   PDATA SIZE       =   ----    ----
   DATA SIZE        =      5       1
   IDATA SIZE       =   ----    ----
   BIT SIZE         =   ----    ----
END OF MODULE INFORMATION.


C51 COMPILATION COMPLETE.  1 WARNING(S),  0 ERROR(S)
