C51 COMPILER V9.01   4_3                                                                   04/24/2017 15:58:37 PAGE 1   


C51 COMPILER V9.01, COMPILATION OF MODULE 4_3
OBJECT MODULE PLACED IN 4.3.OBJ
COMPILER INVOKED BY: F:\Keil\C51\BIN\C51.EXE 4.3.c BROWSE DEBUG OBJECTEXTEND

line level    source

   1          #include<reg52.h>
   2          #include <intrins.h> //包含有左右循环移位子函数的库
   3          #define uchar unsigned char
   4          #define uint unsigned int
   5          sbit dula=P2^6;
   6          sbit wela=P2^7;
   7          uchar code table[]={   //显示数据编码
   8          0x3f,0x06,0x5b,0x4f,
   9          0x66,0x6d,0x7d,0x07,
  10          0x7f,0x6f,0x77,0x7c,
  11          0x39,0x5e,0x79,0x71,
  12          0x76,0x79,0x38,0x3f,0};
  13          uint shu;
  14          uchar ge,shi,bai,tt0,tt1,flag,temp,flag1=0;
  15          
  16          
  17          void timer0() interrupt 1
  18          {
  19   1              TH0=(65536-50000)/256;
  20   1              TL0=(65536-50000)%256;
  21   1              tt0++;
  22   1      
  23   1              if(tt0==5)
  24   1              {
  25   2                      tt0=0;
  26   2                      if(flag!=1)     
  27   2                      {
  28   3                      temp=_crol_(temp,1);
  29   3                      P1=temp;
  30   3                      }
  31   2                      else
  32   2                      {P1=~P1;
  33   3                      flag1++;
  34   3                              if(flag1==30)
  35   3                              {       
  36   4                                      P1=0x00;
  37   4                                      TR0=0;
  38   4                              }
  39   3                      }
  40   2              }
  41   1      
  42   1      }
  43          
  44          void timer1() interrupt 3
  45          {
  46   1              TH1=(65536-50000)/256;
  47   1              TL1=(65536-50000)%256;
  48   1              tt1++;
  49   1              if(tt1==2)
  50   1                      {
  51   2                              tt1=0;
  52   2                              shu--;
  53   2                              bai=shu/100;
  54   2                              shi=shu%100/10;
  55   2                              ge=shu%10;
C51 COMPILER V9.01   4_3                                                                   04/24/2017 15:58:37 PAGE 2   

  56   2                              if(shu==398)
  57   2                              {
  58   3                                      TR0=0;
  59   3                                      TH0=(65536-50000)/256;
  60   3                                      TL0=(65536-50000)%256;
  61   3                                      TR0=1;
  62   3                                      P1=0xff;
  63   3                                      flag=1;
  64   3                                      TR1=0;
  65   3                              }  
  66   2              
  67   2                      }       
  68   1      }
  69          
  70          void delay(uchar z)
  71          {
  72   1              uchar x,y;
  73   1              for(x=z;x>0;x--)
  74   1                      for(y=110;y>0;y--);
  75   1      }
  76          
  77          void init()
  78          {
  79   1              temp=0xfe;
  80   1              shu=432;
  81   1              bai=shu/100;
  82   1              shi=shu%100/10;
  83   1              ge=shu%10;
  84   1              P1=temp;
  85   1              TH1=(65536-50000)/256;  //定时器初始化
  86   1              TL1=(65536-50000)%256;
  87   1              TH0=(65536-50000)/256;
  88   1              TL0=(65536-50000)%256;
  89   1              EA=1;
  90   1              TMOD=0x11;
  91   1              ET0=1;
  92   1              ET1=1;
  93   1              TR1=1;
  94   1              TR0=1;
  95   1      }
  96          
  97          void display(uchar bai1,uchar shi1,uchar ge1,uchar bai,uchar shi,uchar ge)
  98          {
  99   1              P0=table[bai1];                           //显示 7
 100   1              dula=1;
 101   1              dula=0;
 102   1              P0=0xfe;
 103   1              wela=1;
 104   1              wela=0;
 105   1              delay(1);
 106   1      
 107   1              P0=table[shi1];                            //显示 6
 108   1              dula=1;
 109   1              dula=0;
 110   1              P0=0xfd;
 111   1              wela=1;
 112   1              wela=0;
 113   1              delay(1);
 114   1      
 115   1              P0=table[ge1];                             //显示 5
 116   1              dula=1;
 117   1              dula=0;
C51 COMPILER V9.01   4_3                                                                   04/24/2017 15:58:37 PAGE 3   

 118   1              P0=0xfb;
 119   1              wela=1;
 120   1              wela=0;
 121   1              delay(1);
 122   1      
 123   1              P0=table[bai];                             //显示 bai
 124   1              dula=1;
 125   1              dula=0;
 126   1              P0=0xf7;
 127   1              wela=1;
 128   1              wela=0;
 129   1              delay(1);
 130   1      
 131   1              P0=table[shi];                             //显示 shi
 132   1              dula=1;
 133   1              dula=0;
 134   1              P0=0xef;
 135   1              wela=1;
 136   1              wela=0;
 137   1              delay(1);
 138   1      
 139   1              P0=table[ge];                              //显示 ge
 140   1              dula=1;
 141   1              dula=0;
 142   1              P0=0xdf;
 143   1              wela=1;
 144   1              wela=0;
 145   1              delay(1);
 146   1      }
 147          
 148          
 149          void main()
 150          {
 151   1              init();
 152   1              while(1)
 153   1              {
 154   2                      if(shu>398)   //如果flagi不再等于1则显示数据
 155   2                              display(7,6,5,bai,shi,ge);
 156   2                      else
 157   2                              display(16,17,18,18,19,20);       //否则显示hello
 158   2              }
 159   1      }


MODULE INFORMATION:   STATIC OVERLAYABLE
   CODE SIZE        =    474    ----
   CONSTANT SIZE    =     21    ----
   XDATA SIZE       =   ----    ----
   PDATA SIZE       =   ----    ----
   DATA SIZE        =     10       6
   IDATA SIZE       =   ----    ----
   BIT SIZE         =   ----    ----
END OF MODULE INFORMATION.


C51 COMPILATION COMPLETE.  0 WARNING(S),  0 ERROR(S)
