C51 COMPILER V9.01   5_2                                                                   04/24/2017 19:24:16 PAGE 1   


C51 COMPILER V9.01, COMPILATION OF MODULE 5_2
OBJECT MODULE PLACED IN 5.2.OBJ
COMPILER INVOKED BY: F:\Keil\C51\BIN\C51.EXE 5.2.c BROWSE DEBUG OBJECTEXTEND

line level    source

   1          #include<reg52.h>
   2          #define uchar unsigned char
   3          #define uint unsigned int
   4          sbit dula=P2^6;
   5          sbit wela=P2^7;
   6          sbit key1=P3^4;
   7          sbit key2=P3^5;
   8          sbit key3=P3^6;
   9          uchar code table[]={
  10          0x3f,0x06,0x5b,0x4f,
  11          0x66,0x6d,0x7d,0x07,
  12          0x7f,0x6f,0x77,0x7c,
  13          0x39,0x5e,0x79,0x71};
  14          uchar code tablewe[]={
  15          0xfe,0xfd,0xfb,0xf7,0xef,0xdf};
  16          uchar ge,shi,bai,tt0;
  17          void delay(uchar z)
  18          {
  19   1              uchar x,y;
  20   1              for(x=z;x>0;x--)
  21   1                      for(y=110;y>0;y--);
  22   1      }
  23          
  24          void display(uchar bai,uchar shi,uchar ge)
  25          {
  26   1              P0=table[ge];
  27   1              dula=1;
  28   1              dula=0;
  29   1              P0=0xfb;
  30   1              wela=1;
  31   1              wela=0;
  32   1              delay(1);
  33   1              
  34   1              P0=table[shi];
  35   1              dula=1;
  36   1              dula=0;
  37   1              P0=0xfd;
  38   1              wela=1;
  39   1              wela=0;
  40   1              delay(1);
  41   1              
  42   1              P0=table[bai];
  43   1              dula=1;
  44   1              dula=0;
  45   1              P0=0xfe;
  46   1              wela=1;
  47   1              wela=0;
  48   1              delay(1);       
  49   1      }
  50          
  51          
  52          
  53          void timer0() interrupt 1
  54          {
  55   1              TH0=(65536-10000)/256;
C51 COMPILER V9.01   5_2                                                                   04/24/2017 19:24:16 PAGE 2   

  56   1              TL0=(65536-10000)%256;
  57   1              tt0++;
  58   1              if(tt0==10)
  59   1              {
  60   2                      tt0=0;
  61   2                      ge++;
  62   2                      if(ge==10)
  63   2                      {
  64   3                              ge=0;
  65   3                              shi++;
  66   3                              if(shi==10)
  67   3                              {
  68   4                                      shi=0;
  69   4                                      bai++;
  70   4                                      if(bai==10)
  71   4                                      {
  72   5                                              ge=0;
  73   5                                              shi=0;
  74   5                                              bai=0;
  75   5                                      }
  76   4                              } 
  77   3                      }
  78   2              }           
  79   1      }                                                
  80          
  81          
  82                                           
  83          
  84          
  85          
  86          void init()
  87          {
  88   1              ge=0;shi=0;bai=0;tt0=0;
  89   1              TMOD=0x01;
  90   1              TH0=(65536-10000)/256;
  91   1              TL0=(65536-10000)%256;
  92   1              EA=1;
  93   1              ET0=1;
  94   1              TR0=1;
  95   1      }
  96          
  97          void main()
  98          {
  99   1              init();
 100   1              while(1)
 101   1              {
 102   2                      display(bai,shi,ge);
 103   2                      if(key1==0)
 104   2                      {
 105   3                              delay(5);
 106   3                              if(key1==0)
 107   3                              {        
 108   4                                              TR0=0;
 109   4                                              while(!key1)
 110   4                                              display(bai,shi,ge);                    
 111   4                              }
 112   3                      }
 113   2      
 114   2                      if(key2==0)
 115   2                      {
 116   3                              delay(5);
 117   3                              if(key2==0)
C51 COMPILER V9.01   5_2                                                                   04/24/2017 19:24:16 PAGE 3   

 118   3                              {
 119   4                                      TR0=1;
 120   4                                      while(!key2)
 121   4                                      display(bai,shi,ge);
 122   4                              }
 123   3                      }
 124   2      
 125   2                      if(key3==0)
 126   2                      {
 127   3                              delay(5);
 128   3                              if(key3==0)
 129   3                              {
 130   4                                      
 131   4                                      while(!key3)
 132   4                                      display(bai,shi,ge);
 133   4                                      init();
 134   4                              }
 135   3                      }
 136   2                      
 137   2              }
 138   1      }


MODULE INFORMATION:   STATIC OVERLAYABLE
   CODE SIZE        =    237    ----
   CONSTANT SIZE    =     22    ----
   XDATA SIZE       =   ----    ----
   PDATA SIZE       =   ----    ----
   DATA SIZE        =      4    ----
   IDATA SIZE       =   ----    ----
   BIT SIZE         =   ----    ----
END OF MODULE INFORMATION.


C51 COMPILATION COMPLETE.  0 WARNING(S),  0 ERROR(S)
