C51 COMPILER V9.01   5_3                                                                   04/24/2017 20:59:27 PAGE 1   


C51 COMPILER V9.01, COMPILATION OF MODULE 5_3
OBJECT MODULE PLACED IN 5.3.OBJ
COMPILER INVOKED BY: F:\Keil\C51\BIN\C51.EXE 5.3.c BROWSE DEBUG OBJECTEXTEND

line level    source

   1          #include<reg52.h>
   2          #define uchar unsigned char
   3          #define uint unsigned int
   4          sbit dula=P2^6;
   5          sbit wela=P2^7;
   6          uchar code table[]={
   7          0x3f,0x06,0x5b,0x4f,
   8          0x66,0x6d,0x7d,0x07,
   9          0x7f,0x6f,0x77,0x7c,
  10          0x39,0x5e,0x79,0x71};
  11          
  12          uint shu;
  13          uchar temp,key;
  14          uchar wan1,wan,qian,bai,shi,ge;
  15          void delay(uchar z)
  16          {
  17   1              uchar x,y;
  18   1              for(x=z;x>0;x--)
  19   1                      for(y=110;y>0;y--);
  20   1      }
  21          
  22          void display(uchar bai,uchar shi,uchar ge)
  23          {
  24   1              P0=table[ge];
  25   1              dula=1;
  26   1              dula=0;
  27   1              P0=0xef;
  28   1              wela=1;
  29   1              wela=0;
  30   1              delay(1);
  31   1              
  32   1              P0=table[shi];
  33   1              dula=1;
  34   1              dula=0;
  35   1              P0=0xfb;
  36   1              wela=1;
  37   1              wela=0;
  38   1              delay(1);
  39   1              
  40   1              P0=table[bai];
  41   1              dula=1;
  42   1              dula=0;
  43   1              P0=0xfe;
  44   1              wela=1;
  45   1              wela=0;
  46   1              delay(1);
  47   1                              
  48   1      }
  49          
  50          void keyscans()
  51          {
  52   1              P3=0xfe;
  53   1              temp=P3;
  54   1              temp=temp&0xf0;
  55   1              while(temp!=0xf0)
C51 COMPILER V9.01   5_3                                                                   04/24/2017 20:59:27 PAGE 2   

  56   1              {
  57   2                      delay(5);
  58   2                      temp=P3;
  59   2                      temp=temp&0xf0;;
  60   2                      while(temp!=0xf0)
  61   2                      {
  62   3                              switch(temp)
  63   3                              {
  64   4                                      case 0xe0: key=1; break;
  65   4                                      case 0xd0: key=2; break;
  66   4                                      case 0xb0: key=3; break;
  67   4                                      case 0x70: key=4; break;
  68   4                              }
  69   3      
  70   3                        while(temp!=0xf0)
  71   3                        {
  72   4                              temp=P3;
  73   4                              temp=P3&0xf0;
  74   4                              display(bai,shi,ge);
  75   4                        }
  76   3                      }
  77   2              }
  78   1      
  79   1              
  80   1              P3=0xfd;
  81   1              temp=P3;
  82   1              temp=temp&0xf0;
  83   1              while(temp!=0xf0)
  84   1              {
  85   2                      delay(5);
  86   2                      temp=P3;
  87   2                      temp=temp&0xf0;
  88   2                      while(temp!=0xf0)
  89   2                      {
  90   3                              switch(temp)
  91   3                              {
  92   4                                      case 0xe0: key=5; break;
  93   4                                      case 0xd0: key=6; break;
  94   4                                      case 0xb0: key=7; break;
  95   4                                      case 0x70: key=8; break;
  96   4                              }
  97   3                        while(temp!=0xf0)
  98   3                        {
  99   4                              temp=P3;
 100   4                              temp=temp&0xf0;
 101   4                              display(bai,shi,ge);
 102   4                        }
 103   3                      }
 104   2              }       
 105   1      
 106   1              P3=0xfb;
 107   1              temp=P3;
 108   1              temp=temp&0xf0;
 109   1              while(temp!=0xf0)
 110   1              {
 111   2                      delay(5);
 112   2                      temp=P3;
 113   2                      temp=temp&0xf0;
 114   2                      while(temp!=0xf0)
 115   2                      {
 116   3                              switch(temp)
 117   3                              {
C51 COMPILER V9.01   5_3                                                                   04/24/2017 20:59:27 PAGE 3   

 118   4                                      case 0xe0: key=9; break;
 119   4                                      case 0xd0: key=10; break;
 120   4                                      case 0xb0: key=11; break;
 121   4                                      case 0x70: key=12; break;
 122   4                              }
 123   3                        while(temp!=0xf0)
 124   3                        {
 125   4                              temp=P3;
 126   4                              temp=temp&0xf0;
 127   4                              display(bai,shi,ge);
 128   4                        }
 129   3                      }
 130   2              }
 131   1              
 132   1              P3=0xf7;
 133   1              temp=P3;
 134   1              temp=temp&0xf0;
 135   1              while(temp!=0xf0)
 136   1              {
 137   2                      delay(5);
 138   2                      temp=P3;
 139   2                      temp=temp&0xf0;
 140   2                      while(temp!=0xf0)
 141   2                      {
 142   3                              switch(temp)
 143   3                              {
 144   4                                      case 0xe0: key=13; break;
 145   4                                      case 0xd0: key=14; break;
 146   4                                      case 0xb0: key=15; break;
 147   4                                      case 0x70: key=16; break;
 148   4                              }
 149   3                        while(temp!=0xf0)
 150   3                        {
 151   4                              temp=P3;
 152   4                              temp=temp&0xf0;
 153   4                              display(bai,shi,ge);
 154   4                        }
 155   3                      }
 156   2              }
 157   1      
 158   1      }
 159          
 160          void calculation()
 161          {
 162   1              shu=key*key;
 163   1              bai=shu/100;
 164   1              shi=shu%100/10;
 165   1              ge=shu%10;
 166   1      }
 167          
 168          void main()
 169          {
 170   1              dula=1;
 171   1              P0=0;
 172   1              dula=0;
 173   1              wela=1;
 174   1              wela=0;
 175   1              while(1)
 176   1              {
 177   2                      keyscans();
 178   2                      calculation();
 179   2                      display(bai,shi,ge);
C51 COMPILER V9.01   5_3                                                                   04/24/2017 20:59:27 PAGE 4   

 180   2              }
 181   1      }


MODULE INFORMATION:   STATIC OVERLAYABLE
   CODE SIZE        =    495    ----
   CONSTANT SIZE    =     16    ----
   XDATA SIZE       =   ----    ----
   PDATA SIZE       =   ----    ----
   DATA SIZE        =     10    ----
   IDATA SIZE       =   ----    ----
   BIT SIZE         =   ----    ----
END OF MODULE INFORMATION.


C51 COMPILATION COMPLETE.  0 WARNING(S),  0 ERROR(S)
