C51 COMPILER V9.01   2017_3_15_01                                                          03/15/2017 20:11:13 PAGE 1   


C51 COMPILER V9.01, COMPILATION OF MODULE 2017_3_15_01
OBJECT MODULE PLACED IN 2017-3-15-01.OBJ
COMPILER INVOKED BY: F:\Keil\C51\BIN\C51.EXE 2017-3-15-01.c BROWSE DEBUG OBJECTEXTEND

line level    source

   1          #include<reg52.h>
   2          #define uchar unsigned char
   3          #define uint unsigned int
   4          const unsigned char gImage_Í¼Ïñ[4506] = { 0X00,0X01,0XF0,0X00,0X96,0X00,
*** ERROR C100 IN LINE 4 OF 2017-3-15-01.C: unprintable character 0xCD skipped
*** ERROR C100 IN LINE 4 OF 2017-3-15-01.C: unprintable character 0xBC skipped
*** ERROR C100 IN LINE 4 OF 2017-3-15-01.C: unprintable character 0xCF skipped
*** ERROR C100 IN LINE 4 OF 2017-3-15-01.C: unprintable character 0xF1 skipped
   5          0XCF,0XFF,0XFF,0XF8,0X03,0X80,0X1F,0XF8,0X00,0X70,0X03,0XFF,0XFF,0XFF,0XFF,0XFF,
   6          0XFF,0XFF,0XE0,0X0F,0XFF,0XFF,0XFF,0XFF,0XFF,0XFF,0XFF,0XFF,0XFF,0XFF,0XCF,0XFF,
   7          0XFF,0XF8,0X03,0XF0,0X1F,0XF8,0X00,0X70,0X01,0XFF,0XFF,0XFF,0X9F,0XFF,0XFF,0XFF,
   8          0XFF,0X8F,0XFF,0XFF,0XFF,0XFF,0XFF,0XFF,0XFF,0XFF,0XF4,0X80,0XFF,0XFF,0XFF,0XF8,
   9          0X1F,0XF0,0X1F,0XF8,0X00,0X70,0X01,0XFF,0XFF,0XFF,0X81,0XFF,0XFF,0XFF,0XFF,0XFF,
  10          0XFF,0XFF,0XFF,0XFF,0XF0,0XC8,0X66,0XC6,0X0C,0X21,0X9F,0XFF,0XFF,0XF8,0X3F,0XC0,
  11          0X1F,0XF8,0X00,0X70,0X01,0XFF,0XFF,0XFF,0X80,0X7F,0XFF,0XFF,0XFF,0XFE,0XBF,0XFF,
  12          0XFF,0XFF,0XF2,0X0B,0X77,0XBF,0XF8,0X3C,0XBF,0XFF,0XCF,0XF0,0X3F,0X9E,0X3F,0XF8,
  13          0X07,0XF8,0X01,0XFF,0XFF,0XFF,0X80,0X61,0XFF,0XFF,0XFF,0XFF,0XFF,0XFF,0XFF,0XFF,
  14          0XFF,0X0B,0X7F,0XF5,0XC7,0X4A,0XBF,0XE3,0XBF,0XF8,0X3B,0XBF,0X3F,0XF8,0X17,0XFE,
  15          0X01,0XFF,0XFF,0XFF,0X80,0X60,0X40,0X00,0X00,0XFF,0XFF,0XFF,0XFF,0XFF,0XF5,0X98,
  16          0X6E,0X84,0X20,0XC4,0XB8,0X03,0XC3,0XC0,0X43,0XBB,0XBF,0XC0,0X07,0XFF,0X01,0XFF,
  17          0XFF,0XFF,0XF0,0X60,0X00,0X00,0X00,0X3F,0XFF,0XFF,0XFF,0XFF,0XFF,0XFF,0XFC,0X7F,
  18          0XC3,0X08,0XBB,0XFF,0X9F,0X9F,0X1F,0X9B,0XBF,0X9E,0X3F,0XFF,0X81,0XFF,0XFF,0XFF,
  19          0XFF,0XE0,0X00,0X00,0X00,0X02,0X3F,0XFF,0XFF,0XFF,0XFF,0XFF,0XF9,0XF0,0X08,0X00,
  20          0XBB,0XFF,0XFF,0XBF,0XBF,0X87,0XBF,0XBF,0X7F,0X7F,0XC1,0XFF,0XFF,0XFF,0XEF,0XE0,
  21          0X00,0X00,0X00,0X00,0X3F,0XFF,0XFF,0XFF,0XFF,0XFF,0X9E,0XFF,0XF1,0X9E,0XBB,0XBB,
  22          0XDF,0XBB,0XBF,0X8F,0X3F,0XB9,0XF7,0X71,0XC1,0XFF,0XFF,0XFF,0X87,0XF0,0X00,0X00,
  23          0X00,0X00,0X3F,0XFF,0XFF,0XFF,0XF0,0X0B,0X5D,0XDD,0XDA,0X8E,0XBB,0XBB,0X9F,0XBB,
  24          0XBF,0X9F,0XBF,0XBB,0X77,0X71,0XE1,0XFF,0XFF,0XFF,0X81,0XF1,0XC0,0X00,0X00,0X00,
  25          0X3F,0XFF,0XFF,0XFF,0XF0,0X1A,0X5E,0X87,0XA0,0XA0,0XBB,0XBB,0XBF,0XBB,0XB8,0X3D,
  26          0XBF,0XB9,0X77,0X70,0XE1,0XFF,0XFF,0XFF,0X80,0X63,0X80,0X00,0X00,0X00,0X3F,0XFF,
  27          0XFF,0XFF,0XF1,0X5B,0X5B,0XB7,0X7E,0XED,0XBB,0XBB,0XFB,0XFB,0XFB,0X38,0X38,0XFB,
  28          0XF7,0XF0,0XF1,0XFF,0XFF,0XFF,0X80,0X60,0X00,0X00,0X00,0X00,0X7F,0XFF,0XFF,0XFF,
  29          0XFF,0XFF,0XFF,0XFD,0XF7,0XFF,0X7B,0XBF,0XFF,0XFF,0XFF,0XBF,0X3F,0XFF,0XFF,0XFF,
  30          0XF1,0XFF,0XFF,0XFF,0X80,0X60,0X00,0X00,0X00,0X00,0XFF,0XFF,0XFF,0XFF,0XFF,0XFF,
  31          0XF7,0X7F,0XFF,0XFF,0X19,0X9F,0X8F,0X9F,0XEF,0X1F,0X9F,0XFF,0XFF,0XFF,0XFF,0XFF,
  32          0XFF,0XFF,0X80,0X60,0X00,0X00,0X00,0X00,0XFF,0XFF,0XFF,0XFF,0XFF,0XFE,0XFB,0X90,
  33          0X34,0X00,0X00,0X00,0X00,0X33,0X80,0X00,0X00,0X7F,0XFF,0XE0,0X7F,0XFF,0XFF,0XFF,
  34          0X80,0X60,0X00,0X00,0X00,0X00,0X3F,0XFF,0XFF,0XF3,0XB4,0XE8,0X66,0XC6,0X1A,0X81,
  35          0X60,0X06,0X00,0X1F,0X80,0X00,0X00,0X3F,0XFF,0X80,0X03,0XBF,0XFF,0XFF,0X80,0X60,
  36          0X00,0X00,0X00,0X00,0X3F,0XFF,0XFF,0XF7,0X36,0X0B,0X77,0XBF,0XBA,0X8D,0X5F,0XFA,
  37          0X00,0X0F,0X00,0X00,0X00,0X1F,0XFF,0X80,0X00,0X1F,0XFF,0XFF,0X80,0X60,0X00,0X00,
  38          0X00,0X00,0XBF,0XFF,0XFF,0XE7,0X33,0X7B,0X7F,0XF4,0X80,0XA1,0X3F,0XFC,0X10,0XFC,
  39          0X00,0X00,0X00,0X00,0X3F,0X00,0X00,0X1F,0XFF,0XFF,0X80,0X60,0X00,0X00,0X00,0X00,
  40          0XFF,0XFF,0XFF,0XF6,0XD3,0X18,0X48,0X07,0X40,0XA1,0X00,0X00,0X7F,0XFF,0X00,0X00,
  41          0X00,0X00,0X00,0X00,0X00,0X1F,0XFF,0XFF,0X80,0X60,0X00,0X00,0X00,0X00,0X7F,0XFF,
  42          0XFF,0XFF,0XFF,0XFF,0XFF,0XFF,0XFF,0XBF,0X00,0X00,0X00,0X00,0X00,0X00,0X00,0X00,
  43          0X00,0X00,0X00,0X00,0XFF,0XFF,0X80,0X60,0X00,0X00,0X00,0X00,0X1F,0XFF,0XFF,0XFF,
  44          0XFF,0XFF,0XFF,0XFF,0XFF,0XFB,0X00,0X00,0X00,0X00,0X00,0X00,0X00,0X00,0X00,0X00,
  45          0X00,0X60,0X00,0X3F,0X80,0X60,0X00,0X00,0X20,0X21,0X1F,0XFF,0XFF,0XFF,0XFF,0XFF,
  46          0XFF,0XFF,0XFF,0XFF,0XFF,0XFF,0X00,0X00,0X00,0X00,0X00,0X00,0X00,0X00,0X00,0X00,
  47          0X00,0X00,0X7E,0X60,0X00,0X00,0X00,0X61,0X1F,0XFF,0XFF,0XFF,0XFF,0XFF,0XC0,0X3A,
  48          0X01,0XFF,0XFF,0XFF,0XFF,0XFF,0X80,0X00,0X00,0X00,0X00,0X00,0X00,0X00,0X00,0X00,
  49          0X00,0X3F,0X80,0X00,0X00,0XC1,0X0F,0XFF,0XFF,0XFF,0XFF,0XFF,0XDE,0X32,0XF1,0XFF,
  50          0XFF,0XFF,0XFF,0XFF,0XE0,0X00,0X00,0X00,0X00,0X00,0X00,0X00,0X00,0X00,0X00,0X00,
  51          0X03,0XC0,0X01,0X81,0X1F,0XFF,0XFF,0XFF,0XFF,0XFF,0X9C,0X76,0XE3,0XFD,0XC0,0X3F,
C51 COMPILER V9.01   2017_3_15_01                                                          03/15/2017 20:11:13 PAGE 2   

  52          0XFF,0XFF,0XE0,0X00,0X00,0X00,0X00,0X00,0X00,0X00,0X00,0X00,0X00,0X00,0X00,0X00,
  53          0XF7,0X01,0X4F,0XFF,0XFF,0XFF,0X00,0X17,0XF9,0XE7,0XCD,0X13,0XDE,0X7F,0XFF,0XFF,
  54          0XF0,0X00,0X00,0X00,0X06,0X00,0X00,0XFF,0XC0,0X00,0X00,0X00,0X00,0X00,0X00,0X07,
  55          0X48,0X00,0X01,0X00,0X04,0X00,0X66,0X29,0X30,0X19,0XFC,0XFF,0XFF,0XFF,0XF0,0X00,
  56          0X00,0X00,0X0E,0X00,0X00,0XFF,0XFF,0XCF,0XF8,0X00,0X00,0X00,0X00,0X00,0X00,0X00,
  57          0X01,0X00,0X04,0X00,0X0E,0X40,0X7A,0X15,0XF3,0XFF,0XFF,0XFF,0XF0,0X00,0X00,0X18,
  58          0X0E,0X00,0X00,0XFF,0XFF,0XFF,0XFF,0XFF,0XFC,0X00,0X00,0X00,0X00,0X00,0X21,0X00,
  59          0X0C,0X00,0X80,0X14,0X03,0XFF,0XC7,0X52,0XFF,0XFF,0XF0,0X00,0X00,0X1C,0X0E,0X00,
  60          0X00,0X7F,0XFF,0XFF,0XFF,0XFF,0XF8,0X00,0X01,0XFF,0X00,0X00,0X00,0X00,0X04,0X00,
  61          0XFF,0XE7,0XFC,0X30,0X80,0X62,0XFF,0XF8,0XF0,0X00,0X00,0X0E,0X08,0X00,0X00,0X7F,
  62          0XFF,0XFF,0XFF,0XFF,0XFE,0X00,0X00,0XFF,0XC8,0X0F,0XE0,0X00,0X04,0X00,0XD6,0X08,
  63          0X81,0XF8,0X81,0XF9,0XFF,0XF8,0XF0,0X00,0X00,0X0F,0X9C,0X00,0X00,0X7F,0XFF,0XFF,
  64          0XFF,0XFF,0XFC,0X00,0X03,0XFF,0XCC,0X7F,0XFF,0XD7,0XFC,0X0A,0X2F,0XA5,0X94,0XFF,
  65          0XFF,0XFF,0XFF,0XF8,0X70,0X00,0X00,0X0F,0XFF,0X00,0X00,0X7F,0XFF,0XFF,0XFF,0XFF,
  66          0XF0,0X00,0X0F,0XFF,0XC8,0X01,0XDF,0X97,0XF8,0X03,0X6E,0X6C,0X80,0XFF,0XFF,0XFF,
  67          0XFF,0XFC,0XF0,0X00,0X00,0X0F,0XFF,0X80,0X00,0X7F,0XFF,0XFF,0XFF,0XFF,0X90,0X00,
  68          0X1F,0XE7,0XCC,0X7F,0XFF,0XCB,0XFC,0X00,0X00,0X04,0X00,0XFF,0XFF,0XFF,0XFF,0XFF,
  69          0XF0,0X30,0X80,0XCF,0XFF,0X80,0X00,0X7F,0XFF,0XC0,0X00,0XFF,0X02,0X00,0X1F,0XFF,
  70          0XCC,0XE7,0XA3,0XEF,0XF3,0XFF,0XFF,0XFF,0XE9,0XFF,0XFF,0XFF,0XFF,0XFF,0XF2,0X21,
  71          0X0E,0XCF,0XFF,0X80,0X00,0X7F,0XFF,0XC0,0X00,0X00,0X01,0XFF,0XFF,0XFF,0XC0,0XEF,
  72          0X9A,0X6F,0XFF,0XFF,0XFF,0XFF,0XFF,0XFF,0XFF,0XFF,0XFF,0XFF,0XF6,0X31,0X20,0X8F,
  73          0XFF,0X80,0X01,0XFF,0XFF,0XC7,0XF8,0X00,0X03,0XFF,0XFF,0XFF,0XFC,0X01,0XFF,0XFF,
  74          0XFF,0XFF,0XFF,0XFF,0XFF,0XFF,0XFF,0XFF,0XFF,0XFF,0XF0,0X00,0X00,0X1F,0XFF,0X80,
  75          0X01,0XFF,0XFF,0XC0,0X00,0X00,0X01,0XFF,0XFF,0X80,0X3F,0XFF,0XFF,0XFF,0XFF,0XFF,
  76          0XFF,0XFF,0XFF,0XFF,0XFF,0XFF,0XFF,0XFF,0XF0,0X00,0X00,0X00,0X00,0X00,0X01,0XFF,
  77          0XFF,0XC0,0X01,0X80,0X93,0XF0,0X01,0XFF,0XFF,0XFC,0XFF,0XFF,0XFF,0XFF,0XFF,0XFF,
  78          0XFF,0XFF,0XCF,0XFF,0XFF,0XFF,0XF2,0X00,0X00,0X00,0X00,0X00,0X03,0XFF,0XFF,0XFF,
  79          0XFF,0X9C,0X83,0X3F,0XFF,0XFF,0XFE,0X7F,0XF7,0XFF,0XFF,0XFE,0X3F,0XFF,0XE7,0XFF,
  80          0XCF,0XFF,0XFF,0XFF,0XF3,0X80,0X00,0X00,0X00,0X00,0X03,0XFF,0XFF,0XC0,0X00,0X84,
  81          0X83,0XFF,0XFF,0XFF,0XFF,0XFF,0XC8,0XFF,0XFF,0XF0,0XFF,0XFF,0XFF,0XFF,0XFF,0XFF,
  82          0XFF,0XFF,0XF1,0X00,0X00,0X00,0X00,0X30,0X1F,0XFF,0XFE,0XC0,0X01,0X9C,0X83,0XFF,
  83          0XFF,0XFF,0XFF,0XFF,0X8F,0XFF,0XFF,0XE3,0XFF,0XFF,0XF9,0XFF,0XFF,0XFF,0XFF,0XFF,
  84          0XFE,0X00,0X00,0X00,0X00,0X3F,0XFF,0XFF,0X00,0XF9,0XE7,0X9C,0XC7,0XC3,0XF0,0XFF,
  85          0XFF,0XE6,0X8F,0XFE,0X00,0X00,0X00,0X00,0X00,0X0F,0XFF,0XFF,0XFF,0XFF,0XFE,0X00,
  86          0X00,0X00,0X00,0X07,0XFE,0X1F,0XFF,0XE1,0XC3,0X18,0X82,0X3C,0X3F,0X87,0XCF,0XC0,
  87          0X03,0XF1,0XFF,0XFF,0XFF,0XFF,0XFF,0XFF,0XCF,0XFF,0XFF,0XFF,0XFD,0XFB,0XB8,0X00,
  88          0X00,0X00,0XFF,0XFF,0XFF,0XE3,0XC0,0X90,0XC1,0XDF,0XC0,0XFF,0XFC,0X08,0X0F,0X83,
  89          0XFF,0XFC,0XFF,0XFF,0XFF,0XF9,0XFF,0XFF,0XFF,0XFF,0XFF,0XF2,0X00,0X00,0X00,0X1F,
  90          0XFF,0XFF,0XFF,0XC7,0XE0,0XB1,0XC3,0XFF,0XFF,0X3F,0X81,0XFE,0XCC,0X0F,0XFF,0XF1,
  91          0XFF,0XFF,0XFF,0XF0,0XFF,0XFF,0XFF,0XFF,0XE0,0X00,0X00,0X20,0X01,0XFF,0XFF,0XFF,
  92          0XFF,0XFF,0XFF,0XFF,0XFF,0XFF,0XFC,0X3F,0XFF,0XFF,0X8F,0XC3,0XFF,0X8F,0XFF,0XFE,
  93          0X0F,0XFF,0XFF,0XFF,0XFF,0XFF,0XC0,0X00,0X2F,0XF0,0X03,0XFF,0XFF,0XFF,0XFE,0X7F,
  94          0XFF,0XFF,0XFF,0XFF,0X87,0XFF,0XFF,0XF8,0X3F,0XFF,0XFF,0XFF,0XFF,0XFF,0XFC,0X1F,
  95          0XFF,0XFF,0XFF,0XFF,0XFF,0XF8,0X3F,0XFC,0X0F,0XFF,0XFF,0XFF,0X3F,0XFF,0XFF,0XFF,
  96          0XFF,0XF0,0XFF,0XFF,0XFF,0XF8,0X1F,0XF3,0XFF,0XFF,0XFF,0XFF,0XFF,0XFF,0XFB,0XF8,
  97          0XBF,0XFF,0XFC,0XE7,0X0F,0XFF,0XFF,0XFF,0XFE,0X3F,0XFF,0XEF,0XFB,0XFF,0XFF,0XFF,
  98          0XFF,0XFF,0XFF,0XFC,0X3F,0XC3,0XFF,0XFF,0XFF,0XFF,0XFF,0XF9,0XFF,0XCF,0XBF,0XFF,
  99          0XFF,0XF1,0X5F,0XFF,0XFF,0XFE,0X3F,0XFF,0XFF,0XC3,0XE0,0XEF,0XFF,0XFF,0XFF,0XFF,
 100          0XFF,0XF8,0X3F,0X07,0XFF,0XFF,0XFF,0XFF,0XFF,0XFC,0XFF,0XFF,0XFF,0XFF,0XFF,0XF0,
 101          0X1F,0XFF,0XFE,0X1F,0XFF,0XFF,0XFF,0XE3,0XF1,0XFF,0XFF,0XFF,0XFF,0XFF,0XFF,0XFE,
 102          0X4C,0X5F,0XFF,0XFF,0XFF,0XFF,0XFF,0XFF,0XFF,0XFF,0XFF,0XFF,0XFF,0XF0,0X7F,0XFE,
 103          0X1F,0XFF,0XFF,0XFF,0XFF,0XE1,0X71,0XEF,0XF7,0XFF,0XFF,0XFF,0XFF,0X3C,0X08,0X7F,
 104          0XFF,0XFF,0XFF,0XFF,0XFF,0XFF,0XDF,0XFF,0XFF,0XFF,0XFF,0XF8,0X7E,0X1F,0XFF,0XFF,
 105          0XFF,0XFF,0XFF,0XE1,0X11,0XEF,0XF7,0XFF,0XFF,0XFF,0XFA,0X7C,0X8F,0XFF,0XFF,0XFF,
 106          0XFF,0XFF,0XFF,0XFF,0XCF,0X8F,0XCF,0XFF,0XFF,0XFC,0X1F,0XFF,0XFF,0XFF,0XFF,0XFF,
 107          0XFF,0XE1,0X3B,0X7F,0XBF,0XBF,0XBF,0XFF,0XE1,0XFD,0X0D,0XFF,0XFF,0XFF,0XFF,0XFF,
 108          0XFF,0XFF,0XF8,0X6F,0XCF,0XFF,0XFE,0X10,0X1F,0XFF,0XFF,0XFF,0XFF,0XFF,0XFF,0X3F,
 109          0XFF,0XFF,0XFF,0X3F,0XBF,0XFF,0XFB,0X1D,0XF1,0XFF,0XFF,0XFF,0XFF,0XFF,0XFF,0XFF,
 110          0XFF,0XFF,0XFF,0XFF,0XEF,0XF0,0X0F,0XFF,0XFF,0XFF,0XFF,0XFF,0XE0,0XE1,0X1F,0X7D,
 111          0XA6,0X7F,0XFF,0XFF,0XF7,0XFF,0XFD,0XFF,0XFF,0XFF,0XFF,0XFF,0XFF,0XFF,0XFF,0XFF,
 112          0XFF,0XFF,0XFF,0XDC,0X07,0XFF,0XFF,0XFF,0XFF,0XFC,0X1F,0XFF,0XFF,0XFF,0XFC,0X1F,
 113          0X9F,0XFF,0XE7,0XFF,0XFF,0XFF,0XFF,0XFF,0XFF,0XFF,0XFF,0XFF,0XCF,0XFF,0XFF,0XFF,
C51 COMPILER V9.01   2017_3_15_01                                                          03/15/2017 20:11:13 PAGE 3   

 114          0XFD,0XBF,0X03,0XFF,0XFF,0XFF,0XFF,0X83,0XFF,0XFF,0XFE,0X78,0X00,0X3F,0X8F,0XBF,
 115          0XC9,0XFF,0XFF,0XFF,0XFF,0XFF,0XFF,0XFE,0X4F,0XFF,0XF8,0XBF,0XFF,0XFF,0XF6,0X27,
 116          0X03,0X7F,0XFF,0XFF,0XE0,0X3F,0XFF,0XFF,0XFE,0X70,0X00,0X9F,0XCF,0XBF,0X83,0X9F,
 117          0XF7,0XFF,0XFF,0XFF,0XFF,0XFE,0X23,0XFF,0X7E,0X7F,0XFF,0XFF,0XFC,0X00,0X03,0XBF,
 118          0XFF,0XFE,0X03,0XFF,0XFF,0XFF,0XFE,0X60,0X00,0X3F,0X87,0X9E,0X03,0XFE,0XCF,0XFF,
 119          0XFF,0XFF,0XFE,0X0F,0X1F,0XEF,0XFF,0XFF,0XFF,0XFF,0XFE,0XA0,0X00,0X1F,0XFF,0XC1,
 120          0XC3,0XFF,0XFF,0XFF,0XFE,0X60,0X00,0X33,0X87,0X9C,0X01,0XF2,0XFF,0XFF,0XFF,0XFF,
 121          0XF8,0XFF,0XFF,0XFF,0XFF,0XFF,0XFF,0XFF,0XFD,0X00,0X02,0X00,0X00,0X03,0XC7,0XFF,
 122          0XFF,0XFF,0XFE,0X60,0X00,0X03,0X87,0X1C,0X03,0XFE,0XFF,0XF7,0XFF,0XFF,0XF8,0XFF,
 123          0XFF,0XFF,0XFF,0XFF,0XFF,0XFF,0XFF,0XF0,0X04,0X00,0X0E,0X7F,0XFF,0XFF,0XFF,0XFF,
 124          0XFE,0X42,0X00,0X01,0X87,0X1C,0X0B,0XFA,0XDF,0XF7,0XFF,0XFF,0XF0,0XFF,0XFF,0XFF,
 125          0XFF,0XFF,0XFE,0X3F,0XE7,0XF0,0X6E,0X00,0X07,0XFF,0XFF,0XFF,0XFF,0XFF,0X8F,0X40,
 126          0X00,0X4F,0XCF,0X3E,0X03,0XF9,0XFF,0XFF,0XFF,0XFF,0XF0,0XFF,0XFF,0XFF,0XFF,0XFF,
 127          0XFE,0X39,0X80,0X00,0XFE,0X1F,0XFF,0XFF,0XFF,0XFF,0XFF,0XFF,0XC7,0X06,0X00,0X2F,
 128          0XCE,0X0E,0X07,0XE7,0X7F,0XEF,0XFF,0XFF,0XF0,0XFF,0XFF,0XFF,0XFF,0XFF,0XFF,0X12,
 129          0X00,0X80,0X63,0XFF,0XFF,0XFF,0XFF,0XFF,0XFF,0XFE,0X03,0X00,0X00,0X1F,0XE2,0X20,
 130          0X13,0XEC,0X7F,0XFF,0XFF,0XFF,0XEE,0XFF,0XFF,0XFF,0XFF,0XFF,0XFE,0X80,0XC6,0X00,
 131          0XC0,0X27,0XFF,0XFF,0XFF,0XFF,0XFF,0XFF,0X07,0X00,0X00,0X3F,0XE4,0X98,0X37,0XF5,
 132          0X3F,0XEF,0XFF,0XFF,0XF4,0XFF,0XFF,0XFF,0XFF,0XFF,0XFE,0X03,0X94,0X00,0X17,0X87,
 133          0XBF,0XFF,0XFF,0XFF,0XFF,0XFF,0X87,0X20,0X00,0X3F,0X80,0X04,0XE0,0X7B,0X7F,0XEF,
 134          0XFF,0XFF,0XE0,0XFF,0XFF,0XFF,0XFF,0XFF,0XFE,0X07,0X60,0X00,0X01,0XC7,0XDF,0XFF,
 135          0XFF,0XFF,0XFF,0XFF,0XC7,0X80,0X00,0X7E,0X00,0X01,0XFF,0XF1,0X7F,0XF7,0XFF,0XFF,
 136          0XC0,0XFF,0XFF,0XFF,0XFF,0XFF,0XFE,0X1E,0X00,0X02,0X41,0XCF,0X7F,0XFF,0XFF,0XFF,
 137          0XFF,0XFF,0XE3,0X80,0X00,0X78,0X08,0X7C,0XFF,0XFF,0XFF,0XF7,0XFF,0XFF,0XFF,0XFF,
 138          0XFF,0XFF,0XFF,0XFF,0XE0,0X78,0X1B,0XCE,0X11,0XAE,0X37,0XFF,0XFF,0XFF,0XFF,0XFF,
 139          0XE1,0XB0,0X00,0XC0,0X10,0XFF,0XFF,0XFF,0XFF,0XF7,0XFF,0XFF,0XC0,0XFF,0XFF,0XFF,
 140          0XFF,0XFF,0XC0,0XE0,0X1F,0XFF,0X33,0X8E,0X3F,0XFF,0XFF,0XFF,0XFF,0XFF,0XF0,0X30,
 141          0X01,0X00,0X1C,0XFF,0XFF,0XFF,0XFF,0XFF,0XFF,0XFF,0X80,0XFF,0XFF,0XFF,0XFF,0XFF,
 142          0XE1,0XC0,0X0F,0XF6,0X37,0X8E,0X3F,0XFF,0XFF,0XFF,0XFF,0XFF,0XDC,0X78,0X00,0X00,
 143          0X37,0XFF,0XFF,0XFF,0XFF,0XFF,0XFF,0XFF,0X80,0XFF,0XFF,0XFF,0XFF,0XFF,0XF7,0X80,
 144          0X1F,0XFF,0XFB,0XCE,0XFF,0XFF,0XFF,0XFF,0XFF,0XFF,0XEC,0X10,0X00,0X00,0X77,0XFF,
 145          0XFF,0XFF,0XFF,0XFF,0XFF,0XFF,0X81,0XFF,0XFF,0XFF,0XFF,0XFF,0XEF,0X3F,0X9F,0XEE,
 146          0X04,0X0F,0XFF,0XFF,0XFF,0XFF,0XFF,0XFF,0XEE,0X00,0X00,0X01,0XF7,0XFF,0XFF,0XFF,
 147          0XFF,0XFF,0XFF,0XFF,0X01,0XFF,0XFF,0XFF,0XFF,0XFF,0X60,0XDF,0X9F,0XC6,0X1F,0XFF,
 148          0X7F,0XFF,0XFF,0XFF,0XFF,0XFF,0XCE,0X00,0X00,0X07,0XFF,0XFF,0XFF,0XFF,0XFF,0XFF,
 149          0XFF,0XFF,0X01,0XFF,0XFF,0XFF,0XFF,0XFE,0X73,0X93,0XBF,0XC7,0XFF,0XFF,0XFF,0XFF,
 150          0XFF,0XFF,0XFF,0XDF,0XDE,0X80,0X00,0X1F,0XFF,0XFF,0XFF,0XFF,0XFF,0XFF,0XFF,0XFF,
 151          0X01,0XFF,0XFF,0XFF,0XFF,0XFC,0XFF,0XBF,0XFF,0XC7,0XE7,0XFF,0XFF,0XFF,0XFF,0XFF,
 152          0XFE,0X2E,0XDF,0X80,0X00,0X7F,0XFF,0XFF,0XFF,0XFF,0XFF,0XFF,0XFF,0XFE,0X01,0XFF,
 153          0XFF,0XFF,0XFF,0XF7,0XFF,0X7F,0XFF,0XDF,0XFF,0XFF,0XFF,0XFF,0XFF,0XFF,0XFD,0X71,
 154          0X97,0X80,0X00,0X6F,0XFF,0XFF,0XFF,0XFF,0XFF,0XFF,0XFF,0XFE,0X01,0XFF,0XFF,0XFF,
 155          0XFF,0XFE,0X62,0X7F,0X3B,0XFB,0XFF,0XFF,0XFF,0XFF,0XFF,0XFF,0XFE,0X13,0XB8,0X00,
 156          0X00,0X61,0XEF,0XFF,0XFF,0XFF,0XFF,0XFF,0XFF,0XFE,0X01,0XFF,0XFF,0XFF,0XFF,0XFC,
 157          0X80,0X3F,0XFF,0XDF,0XFF,0XFF,0XFF,0XFF,0XFF,0XFF,0XF8,0X13,0X2F,0X80,0X00,0X25,
 158          0X4F,0X7F,0XFF,0XFF,0XFF,0XFF,0XFF,0XFC,0X01,0XFF,0XFF,0XFF,0XFF,0XFF,0XF0,0X3F,
 159          0XFF,0XFF,0XFF,0XFF,0XFF,0XFF,0XFF,0XFF,0XF0,0X07,0X3F,0X80,0X30,0X05,0X4F,0XFF,
 160          0XFF,0XFF,0XFF,0XFF,0XFF,0XFC,0X01,0XFF,0XFF,0XFF,0XFF,0XFF,0XFF,0XFF,0XFF,0XFF,
 161          0XFF,0XFF,0XFF,0XFF,0XFF,0XFF,0XE0,0X17,0X00,0X1E,0XC0,0X01,0X6F,0XFF,0XFF,0XFF,
 162          0XFF,0XFF,0XFF,0XFC,0X01,0XFF,0XFF,0XFF,0XFF,0XFF,0XFF,0XFF,0XFF,0XFF,0XFF,0XFF,
 163          0XFF,0XFF,0XFF,0XFF,0XE0,0X1E,0X0C,0X3F,0XE0,0X01,0X6F,0XFF,0XFF,0XFF,0XFF,0XFF,
 164          0XFF,0XF8,0X01,0XFF,0XFF,0XFF,0XFF,0XFF,0XFF,0XFF,0XFF,0XFF,0XFF,0XFF,0XFF,0XFF,
 165          0XFF,0XFF,0XC0,0X1E,0X09,0XFF,0XE0,0X01,0X8E,0XFF,0XFF,0XFF,0XFF,0XFF,0XFF,0XF8,
 166          0X01,0XFF,0XFF,0XFF,0XFF,0XFF,0XFF,0XFF,0XFF,0XFF,0XFF,0XFF,0XFF,0XFF,0XFF,0XFF,
 167          0X80,0X1C,0X19,0XFF,0XE0,0X01,0XDF,0XFF,0XFF,0XFF,0XFF,0XFF,0XFF,0XF8,0X01,0XFF,
 168          0XFF,0XFF,0XFF,0XFF,0XFF,0XFF,0XFF,0XFF,0XFF,0XFF,0XFF,0XFF,0XFF,0XFF,0X80,0X3C,
 169          0X05,0XFD,0X70,0X01,0XDF,0XFF,0XFF,0XFF,0XFF,0XFF,0XFF,0XF0,0X01,0XFF,0XFF,0XFF,
 170          0XFF,0XFF,0XFF,0XFF,0XFF,0XFF,0XFF,0XFF,0XFF,0XFF,0XFF,0XFF,0X00,0X3C,0X05,0XC0,
 171          0X04,0X01,0XDD,0XFF,0XFF,0XFF,0XFF,0XFF,0XFF,0XF0,0X01,0XFF,0XFF,0XFF,0XFF,0XFF,
 172          0XFF,0XFF,0XFF,0XFF,0XFF,0XFF,0XFF,0XFF,0XFF,0XFE,0X00,0X38,0X3F,0X80,0X04,0X00,
 173          0XDF,0XFF,0XFF,0XFF,0XFF,0XFF,0XFF,0XFF,0XFF,0XFF,0XFF,0XFF,0XFF,0XFF,0XFF,0XFF,
 174          0XFF,0XFF,0XFF,0XFF,0XFF,0XFF,0XFF,0XFC,0X00,0X38,0X3F,0X80,0X80,0X00,0XDF,0XFF,
 175          0XFF,0XFF,0XFF,0XFF,0XFF,0XFF,0XFF,0XFF,0XFF,0XFF,0XFF,0XFF,0XFF,0XFF,0XFF,0XFF,
C51 COMPILER V9.01   2017_3_15_01                                                          03/15/2017 20:11:13 PAGE 4   

 176          0XFF,0XFF,0XFF,0XFF,0XFF,0XFC,0X00,0X20,0X00,0X01,0X00,0X00,0XDF,0XFF,0XFF,0XFF,
 177          0XFF,0XFF,0XFF,0XFF,0XFF,0XFF,0XFF,0XFF,0XFF,0XFF,0XFF,0XFF,0XFF,0XFF,0XFF,0XFF,
 178          0XFF,0XFF,0XFF,0XF8,0X00,0X00,0X00,0X03,0X00,0X00,0XDF,0XFF,0XFF,0XFF,0XFF,0XFF,
 179          0XFF,0XFF,0XFF,0XFF,0XFF,0XFF,0XFF,0XFF,0XFF,0XFF,0XFF,0XFF,0XFF,0XFF,0XFF,0XFF,
 180          0XFF,0XE0,0X00,0X00,0X00,0X23,0X00,0X00,0XDF,0XFF,0XFF,0XFF,0XFF,0XFF,0XFF,0XFF,
 181          0XFF,0XFF,0XFF,0XFF,0XFF,0XFF,0XFF,0XFF,0XFF,0XFF,0XFF,0XFF,0XFF,0XFF,0XFF,0X80,
 182          0X00,0X00,0X20,0X26,0X80,0X00,0XDF,0XFF,0XFF,0XFF,0XFF,0XFF,0XFF,0XFF,0XFF,0XFF,
 183          0XFF,0XFF,0XFF,0XFF,0XFF,0XFF,0XFF,0XFF,0XFF,0XFF,0XFF,0XFF,0XFE,0X02,0X40,0X20,
 184          0XC0,0X68,0X00,0X00,0XFF,0XFF,0XFF,0XFF,0XFF,0XFF,0XFF,0XFF,0XFF,0XFF,0XFF,0XFF,
 185          0XFF,0XFF,0XFF,0XFF,0XFF,0XFF,0XFF,0XFF,0XFF,0XFF,0XF8,0X02,0X80,0X20,0X01,0XD1,
 186          0X00,0X00,0X7F,0XFF,0XFF,0XFF,0XFF,0XFF,0XFF,0XFF,0XFF,0XFF,0XFF,0XFF,0XFF,0XFF,
 187          0XFF,0XFF,0XFF,0XFF,0XFF,0XFF,0XFF,0XFF,0XE0,0X02,0X80,0X3C,0X0D,0XB3,0X00,0X00,
 188          0X6F,0XFF,0XFF,0XFF,0XFF,0XFF,0XFF,0XFF,0XFF,0XFF,0XFF,0XFF,0XFF,0XFF,0XFF,0XFF,
 189          0XFF,0XFF,0XFF,0XFF,0XFF,0XFF,0X80,0X63,0X00,0X1E,0XF9,0XA3,0X06,0X80,0X67,0XDF,
 190          0XFF,0XFF,0XFF,0XFF,0XFF,0XFF,0XFF,0XFF,0XFF,0XFF,0XFF,0XFF,0XFF,0XFF,0XFF,0XFF,
 191          0XFF,0XFF,0XFF,0XFE,0X00,0X23,0X00,0X5C,0XFB,0XA7,0X04,0X00,0X27,0XFF,0XFF,0XFF,
 192          0XFF,0XFF,0XFF,0XFF,0XFF,0XFF,0XFF,0XFF,0XFF,0XFF,0XFF,0XFF,0XFF,0XFF,0XFF,0XFF,
 193          0XFF,0XF0,0X00,0X1F,0XDE,0X3C,0XFB,0X26,0X05,0X00,0X47,0XFF,0XFF,0XFF,0XFF,0XFF,
 194          0XFF,0XFF,0XFF,0XFF,0XFF,0XFF,0XFF,0XFF,0XFF,0XFF,0XFF,0XFF,0XFF,0XFF,0XFF,0XC0,
 195          0X00,0X9F,0X70,0X3D,0XF8,0X07,0X87,0X00,0X43,0X7F,0XFF,0XFF,0XFF,0XFF,0XFF,0XFF,
 196          0XFF,0XFF,0XFF,0XFF,0XFF,0XFF,0XFF,0XFF,0XFF,0XFF,0XFF,0XFF,0XFF,0X00,0X00,0X3C,
 197          0X40,0X39,0XF8,0X07,0XC6,0X03,0XF0,0X5F,0XFF,0XFF,0XFF,0XFF,0XFF,0XFF,0XFF,0XFF,
 198          0XFF,0XFF,0XFF,0XFF,0XFF,0XFF,0XFF,0XFF,0XFF,0XFF,0XFC,0X00,0X00,0X78,0X80,0X09,
 199          0XC0,0X02,0X7E,0X1F,0XE0,0XDF,0XFF,0XFF,0XFF,0XFF,0XFF,0XFF,0XFF,0XFF,0XFF,0XFF,
 200          0XFF,0XFF,0XFF,0XFF,0XFF,0XFF,0XFF,0XFF,0XF0,0X00,0X03,0XE1,0X00,0X00,0X00,0X00,
 201          0X3F,0XFF,0XA0,0X9F,0XFF,0XFF,0XFF,0XFF,0XFF,0XFF,0XFF,0XFF,0XFF,0XFF,0XFF,0XFF,
 202          0XFF,0XFF,0XFF,0XFF,0XFF,0XFF,0X80,0X00,0X07,0XC0,0X00,0X00,0X00,0X00,0X1F,0XFF,
 203          0X80,0X9F,0XFF,0XFF,0XFF,0XFF,0XFF,0XFF,0XFF,0XFF,0XFF,0XFF,0XFF,0XFF,0XFF,0XFF,
 204          0XFF,0XFF,0XFF,0XFE,0X00,0X00,0X07,0X02,0X00,0X00,0X00,0X00,0X1F,0X0E,0XC1,0X9F,
 205          0XFF,0XFF,0XFF,0XFF,0XFF,0XFF,0XFF,0XFF,0XFF,0XFF,0XFF,0XFF,0XFF,0XFF,0XFF,0XFF,
 206          0XFF,0XF8,0X00,0X00,0X1C,0X04,0X01,0X80,0X00,0X00,0X0F,0X0F,0XC1,0X1F,0XFF,0XFF,
 207          0XFF,0XFF,0XFF,0XFF,0XFF,0XFF,0XFF,0XFF,0XFF,0XFF,0XFF,0XFF,0XFF,0XFF,0XFF,0XE0,
 208          0X00,0X00,0X70,0X08,0X0F,0XE0,0X38,0X00,0X0F,0XFF,0XC3,0X1F,0XFF,0XFF,0XFF,0XFF,
 209          0XFF,0XFF,0XFF,0XFF,0XFF,0XFF,0XFF,0XFF,0XFF,0XFF,0XFF,0XFF,0XFF,0X00,0X00,0X00,
 210          0XE0,0X08,0X78,0X61,0XFC,0X00,0X07,0XFF,0XC3,0X1F,0XFF,0XFF,0XFF,0XFF,0XFF,0XFF,
 211          0XFF,0XFF,0XFF,0XFF,0XFF,0XFF,0XFF,0XFF,0XFF,0XFF,0XFC,0X00,0X00,0X03,0XFE,0X13,
 212          0XF0,0X01,0XE6,0X00,0X07,0XFF,0X86,0X1F,0XFF,0XFF,0XFF,0XFF,0XFF,0XFF,0XFF,0XFF,
 213          0XFF,0XFF,0XFF,0XFF,0XFF,0XFF,0XFF,0XFF,0XF0,0X00,0X00,0X0F,0XCC,0X1E,0X70,0X00,
 214          0X01,0X00,0X07,0XFF,0X86,0X1F,0XFF,0XFF,0XFF,0XFF,0XFF,0XFF,0XFF,0XFF,0XFF,0XFF,
 215          0XFF,0XFF,0XFF,0XFF,0XFF,0XFF,0XC0,0X00,0X00,0X3F,0XF0,0X1C,0X24,0X18,0X00,0XC0,
 216          0X03,0XFF,0X8C,0X3F,0XFF,0XFF,0XFF,0XFF,0XFF,0XFF,0XFF,0XFF,0XFF,0XFF,0XFF,0XFF,
 217          0XFF,0XFF,0XFF,0XFF,0X00,0X00,0X00,0XFF,0XE0,0X3A,0X00,0X00,0X01,0XE0,0X01,0XFB,
 218          0X8C,0X7F,0XFF,0XFF,0XFF,0XFF,0XFF,0XFF,0XFF,0XFF,0XFF,0XFF,0XFF,0XFF,0XFF,0XFF,
 219          0XFF,0XFC,0X00,0X00,0X03,0XFF,0X80,0X3B,0X80,0X20,0X23,0X10,0X01,0XFF,0X9C,0XFF,
 220          0XFF,0XFF,0XFF,0XFF,0XFF,0XFF,0XFF,0XFF,0XFF,0XFF,0XFF,0XFF,0XFF,0XFF,0XFF,0XF0,
 221          0X00,0X00,0X0F,0XFF,0X80,0X3E,0XC0,0X00,0X00,0X00,0X3D,0XFF,0X19,0XFF,0XFF,0XFF,
 222          0XFF,0XFF,0XFF,0XFF,0XFF,0XC1,0XFF,0XFF,0XFF,0XFF,0XFF,0XFF,0XFF,0XC0,0X00,0X00,
 223          0X3F,0XFF,0X00,0X7B,0X20,0X00,0X00,0X00,0X15,0XFB,0X3B,0XFF,0XFF,0XFF,0XFF,0XFF,
 224          0XFF,0XFF,0XFF,0XFF,0X7F,0XFF,0XFF,0XFF,0XFF,0XFF,0XFE,0X00,0X00,0X00,0X7F,0XFF,
 225          0X60,0X7C,0X78,0X00,0X07,0XE0,0X0D,0XFB,0X3F,0XFF,0XFF,0XFF,0XFF,0XFF,0XFF,0XF9,
 226          0XFF,0XFF,0XDF,0XFF,0XFF,0XFF,0XFF,0XFF,0XF8,0X00,0X00,0X01,0XFF,0XFE,0X10,0X7F,
 227          0X04,0X01,0XF8,0X00,0X05,0XEB,0X3F,0XFF,0XFF,0XFF,0XFF,0XFF,0XFF,0XF9,0XFF,0XCF,
 228          0XF7,0XFF,0XFF,0XFF,0XFF,0XFF,0XE0,0X00,0X00,0X07,0XFF,0XFE,0X50,0XFF,0XC4,0X06,
 229          0X07,0XE0,0X01,0XE3,0X7F,0XFF,0XFF,0XFF,0XFF,0XFF,0XFF,0XFF,0XBF,0XFF,0XFB,0XBF,
 230          0XFF,0XFF,0XFF,0XFF,0X80,0X00,0X00,0X1F,0XFF,0XFE,0X18,0XFF,0XC4,0X04,0X00,0X00,
 231          0X03,0XA2,0X7F,0XFF,0XFF,0XFF,0XFF,0XFF,0XFF,0XF7,0X1F,0XFF,0XFF,0XFF,0XFF,0XFF,
 232          0XFF,0XFE,0X00,0X00,0X00,0X7F,0XFF,0XFC,0X18,0XFF,0X84,0X04,0X0F,0XC0,0X03,0X23,
 233          0XFF,0XFF,0XFF,0XFF,0XFF,0XFF,0XFF,0XFE,0X03,0XFF,0XA3,0XFF,0XFF,0XFF,0XFF,0XF0,
 234          0X00,0X00,0X01,0XFF,0XFF,0XFC,0X3F,0XFF,0XFC,0X0C,0X1F,0XFF,0XFE,0X8F,0XFF,0XFF,
 235          0XFF,0XFF,0XFF,0XFF,0XFF,0XEE,0X07,0XFF,0XE1,0XFF,0XFF,0XFF,0XFF,0XC0,0X00,0X00,
 236          0X03,0XFF,0XFF,0XF8,0X04,0X04,0X84,0X04,0X00,0X40,0X00,0X40,0XC0,0X7F,0XFF,0XFF,
 237          0XFF,0XFF,0XFF,0XFC,0X73,0XFF,0X81,0XEF,0XFF,0XFF,0XFF,0X00,0X00,0X00,0X0F,0XFF,
C51 COMPILER V9.01   2017_3_15_01                                                          03/15/2017 20:11:13 PAGE 5   

 238          0XFF,0XF8,0X24,0XA7,0X94,0X04,0X00,0X50,0X15,0X4B,0XDB,0X7F,0XFF,0XFF,0XFF,0XFF,
 239          0XFF,0XFC,0X79,0XFF,0X00,0X7F,0XFF,0XFF,0XFC,0X00,0X00,0X00,0X3F,0XFF,0XFF,0XF8,
 240          0X6D,0X2C,0X80,0X04,0X06,0XD3,0X04,0X3F,0XDB,0X7F,0XFF,0XFF,0XFF,0XFF,0XFF,0XF8,
 241          0XFC,0XFE,0X00,0XFF,0XFF,0XFE,0X3F,0X44,0X00,0X00,0X2E,0X04,0X0F,0XF0,0X6D,0X36,
 242          0XBA,0X20,0X56,0X57,0X00,0X7E,0X5B,0X7F,0XFF,0XFF,0XFF,0XFF,0XFF,0XF8,0XFE,0X7E,
 243          0X00,0X7F,0XFF,0XFE,0X39,0X5C,0X00,0X00,0X2F,0X9C,0X2F,0XFC,0X65,0X2C,0XA9,0XBA,
 244          0XC6,0XD3,0X00,0X51,0X5B,0X4D,0XBF,0XFF,0XFF,0XFF,0XFF,0XF8,0X3F,0X0A,0X00,0X7F,
 245          0XFF,0XFF,0X00,0X00,0X00,0X07,0XFF,0XFF,0XFF,0XFE,0X6D,0X24,0XB8,0XAA,0XD6,0XDF,
 246          0X0B,0X57,0X40,0X49,0XBF,0XFF,0XFF,0XFF,0XFF,0XF8,0XFF,0X09,0X01,0XFF,0XFF,0XFE,
 247          0X0F,0X71,0X00,0X03,0X48,0X04,0X0E,0X87,0XFF,0XFF,0XFE,0XFF,0XFF,0XFF,0X3F,0X7F,
 248          0XFF,0XFF,0XFF,0XFF,0XFF,0XFF,0XFF,0XFF,0XFF,0X13,0XFF,0XFF,0XFF,0XE2,0XCF,0X42,
 249          0X00,0X53,0X08,0X04,0X22,0X97,0XFF,0XFF,0XFC,0X7F,0XFF,0XFE,0X00,0XFF,0XFF,0XFF,
 250          0XFF,0XFF,0XFF,0XFF,0XFF,0XFF,0XFF,0XA3,0XFF,0XFF,0XFF,0X80,0X00,0X00,0X00,0XFF,
 251          0XFF,0XFF,0XFF,0XFF,0XFF,0XFF,0XFC,0X7F,0XFF,0XFE,0X01,0XFF,0XFF,0XFF,0XFF,0XFF,
 252          0XFF,0XFF,0XFF,0XFF,0XFF,0XC7,0XFF,0XFF,0XFE,0X00,0X00,0X00,0X07,0XFF,0XFF,0XFF,
 253          0XFF,0XFF,0XFF,0XFF,0XFF,0XFF,0XFF,0XFE,0X03,0XFF,0XFF,0XFF,0XFF,0XFF,0XFF,0XFF,
 254          0XFF,0XFF,0XFF,0XFF,0XFF,0XFF,0XF8,0X00,0X00,0X00,0X1F,0XFF,0XFF,0XFF,0XFF,0XFF,
 255          0XFF,0XFF,0XFF,0XFF,0XFF,0XFE,0X03,0XFF,0XFF,0XFF,0XFF,0XFF,0XFF,0XFF,0XFF,0XFF,
 256          0XFF,0XFF,0XFF,0XFF,0XE0,0X00,0X00,0X00,0X7F,0XFF,0XFF,0XFF,0XFF,0XFF,0XFF,0X97,
 257          0X5F,0XFF,0XFF,0XFF,0XFF,0XFF,0XFF,0XFF,0XFF,0XFF,0XFF,0XFF,0XFF,0XFF,0XF1,0X86,
 258          0X1F,0XFF,0X00,0X00,0X00,0X01,0XFF,0XFF,0XFF,0XFF,0XFF,0XFF,0XFF,0XA7,0XDF,0XFF,
 259          0XFF,0XFF,0XFF,0XFF,0XFF,0XFF,0XFF,0XFF,0XFF,0XFF,0XFF,0XFE,0X04,0X90,0X1E,0XFF,
 260          0X00,0X00,0X00,0X07,0XFF,0XFF,0XFF,0XFF,0XFF,0XFF,0XFF,0XFF,0XFF,0XFF,0XFF,0XFF,
 261          0XFF,0XFF,0XFF,0XFF,0XFF,0XFF,0XFF,0XFF,0XFF,0XFF,0X00,0X80,0X01,0XFF,0X00,0X00,
 262          0X00,0X0F,0XFF,0XFF,0XFF,0XFF,0XFF,0XFF,0XFF,0X80,0X07,0XFF,0XFF,0XFF,0XFF,0XFF,
 263          0XFF,0XFF,0XFF,0XFF,0XFF,0XFF,0XFF,0XFF,0X00,0X00,0X01,0XFF,0X00,0X00,0X00,0X3F,
 264          0XFF,0XFF,0XFF,0XFF,0XFF,0XFF,0XFF,0X00,0X07,0XFF,0XFF,0XFF,0XFF,0XFF,0XFF,0XFF,
 265          0XFF,0XFF,0XFF,0XFF,0XFF,0XFF,0X80,0X00,0X03,0XFF,0X00,0X00,0X00,0XFF,0XFF,0XFF,
 266          0XFF,0XFF,0XFF,0XFF,0XFF,0X00,0X07,0XFF,0XFF,0XFF,0XFF,0XFF,0XFF,0XFF,0XFF,0XFF,
 267          0XFF,0XFF,0XFF,0XFF,0XC0,0X00,0X07,0XFF,0X00,0X00,0X03,0XFF,0XFF,0XFF,0XFF,0XFF,
 268          0XFF,0XFF,0XFF,0XFF,0XFF,0XFF,0XFF,0XFF,0XFF,0XFF,0XFF,0XFB,0XFF,0XFF,0XFF,0XFF,
 269          0XFF,0XFF,0XF0,0X00,0X1F,0XFF,0X00,0X00,0X0F,0XFF,0XFF,0XFF,0XFF,0XFF,0XFF,0XFF,
 270          0XFF,0XFF,0XFF,0XFF,0XFF,0XFF,0XFF,0XFF,0XFF,0XFF,0XFF,0XFF,0XFF,0XFF,0XFF,0XFF,
 271          0XFC,0X00,0X7F,0XFF,0X82,0X00,0X01,0XFF,0XFF,0XFF,0XFF,0XFF,0XFF,0XFF,0XFF,0XFF,
 272          0XFF,0XFF,0XFF,0XFF,0XFF,0XFF,0XFF,0XFF,0XFF,0XFF,0XFF,0XFF,0XFF,0XFF,0XFF,0X07,
 273          0XFF,0XFF,0X44,0X80,0X3F,0XFF,0XFF,0XFF,0XFF,0XFF,0XFF,0XFF,0XFF,0XFF,0XFF,0XFF,
 274          0XFF,0XFF,0XFF,0XFF,0XFF,0XFF,0XFF,0XFF,0XFF,0XFF,0XFF,0XFF,0XFF,0XFF,0XFF,0XFF,
 275          0XE6,0X80,0X2C,0XBF,0XFF,0XFF,0XFF,0XFF,0XFB,0XFF,0XFF,0XFF,0XFF,0XFF,0XFF,0XFF,
 276          0XFF,0XFF,0XFF,0XFF,0XFF,0XFF,0XFF,0XFF,0XFF,0XFF,0XFF,0XFF,0XFF,0XFF,0XEE,0X80,
 277          0X00,0X90,0X3C,0X63,0XFF,0XFF,0XF0,0XE4,0XF5,0XFF,0XFF,0XFF,0XFF,0XFF,0XFF,0XFF,
 278          0XFF,0XFF,0XFF,0XFF,0XFF,0XFF,0XFF,0XFF,0XFF,0XC7,0XFF,0XFF,0XFE,0X80,0X20,0XE1,
 279          0X7C,0X23,0XFF,0XFF,0XFE,0X38,0X77,0XFF,0XFF,0XFF,0XFF,0XFF,0XFF,0XFF,0XFF,0XFF,
 280          0XFF,0XFF,0XFF,0XFF,0XFF,0XFF,0XFF,0X83,0XFF,0XFF,0X7E,0X80,0X00,0XFF,0XFF,0XFF,
 281          0XFF,0XFF,0XFF,0XFF,0XFF,0XFF,0XFF,0XFF,0XFF,0XFF,0XFF,0XFF,0XFF,0XFF,0XFF,0XFF,
 282          0XFF,0XFF,0XFF,0XFF,0XFF,0X83,0XFF,0XFF,0X80,0X00,0X0F,0X7F,0XFF,0XFF,0XFF,0XFF,
 283          0XFF,0XFF,0XFF,0XFF,0XFF,0XFF,0XFF,0XFF,0XFF,0XFF,0XFF,0XFF,0XFF,0XFF,0XFF,0XFF,
 284          0XFF,0XFF,0XFF,0XBB,0XFF,0XFF,0X7F,0X80,0X00,0X00,0X00,0X00,0X01,0X7F,0XFF,0XFF,
 285          0XFF,0XFF,0XFF,0XFF,0XFF,0XFF,0XFF,0XFF,0XFF,0XFF,0XFF,0XFF,0XFF,0XFF,0XFF,0XFF,
 286          0XFF,0XFF,0XFF,0XFF,};

C51 COMPILATION COMPLETE.  0 WARNING(S),  4 ERROR(S)
