C51 COMPILER V9.01   _´¼ü¿Ø_ÆLEDµÆ                                                         04/13/2017 17:37:27 PAGE 1   


C51 COMPILER V9.01, COMPILATION OF MODULE _´¼ü¿Ø_ÆLEDµÆ
OBJECT MODULE PLACED IN °´¼ü¿ØÖÆLEDµÆ.OBJ
COMPILER INVOKED BY: F:\Keil\C51\BIN\C51.EXE °´¼ü¿ØÖÆLEDµÆ.c BROWSE DEBUG OBJECTEXTEND

line level    source

   1          #include<reg52.h>
   2          #define uchar unsigned char;
   3          sbit led=P1^0;
   4          sbit key=P3^4;
   5          void delay(unsigned int x)
   6          {
   7   1              unsigned int i,j;
   8   1                      for(i=x;i>0;i--)
   9   1                              for(j=110;j>0;j--);
  10   1      }
  11          
  12          void main()
  13          {
  14   1              while(1)
  15   1              {
  16   2                      if(key==0)
  17   2                      {
  18   3                              delay(10);
  19   3                              if(key==0)
  20   3                              led=0;
  21   3                              
  22   3                              while(!key);
  23   3                              delay(10);
  24   3                              while(!key);
  25   3      
  26   3                      }
  27   2                      else led=1;
  28   2      
  29   2              
  30   2              }       
  31   1      }


MODULE INFORMATION:   STATIC OVERLAYABLE
   CODE SIZE        =     64    ----
   CONSTANT SIZE    =   ----    ----
   XDATA SIZE       =   ----    ----
   PDATA SIZE       =   ----    ----
   DATA SIZE        =   ----    ----
   IDATA SIZE       =   ----    ----
   BIT SIZE         =   ----    ----
END OF MODULE INFORMATION.


C51 COMPILATION COMPLETE.  0 WARNING(S),  0 ERROR(S)
