C51 COMPILER V9.01   _´¼ü¿Ø_ÆLEDµÆÉÁË¸                                                     04/12/2017 18:15:47 PAGE 1   


C51 COMPILER V9.01, COMPILATION OF MODULE _´¼ü¿Ø_ÆLEDµÆÉÁË¸
OBJECT MODULE PLACED IN °´¼ü¿ØÖÆLEDµÆÉÁË¸.OBJ
COMPILER INVOKED BY: F:\Keil\C51\BIN\C51.EXE °´¼ü¿ØÖÆLEDµÆÉÁË¸.c BROWSE DEBUG OBJECTEXTEND

line level    source

   1          #include<reg52.h>
   2          #define uchar unsigned char;
   3          sbit led=P1^0;
   4          sbit key=P3^4;
   5          void delay(unsigned int x)
   6          {
   7   1              unsigned int i,j;
   8   1                      for(i=x;i>0;i--)
   9   1                              for(j=110;j>0;j--);
  10   1      }
  11          
  12          void main()
  13          {
  14   1              unsigned char key_s;
  15   1              while(1)
  16   1              {
  17   2                      if(key==0)
  18   2                      {
  19   3                              delay(10);
  20   3                              if(key==0)
  21   3                              {led=0;  
  22   4      //                       delay(5);
  23   4                                key_s=1;}
  24   3      
  25   3                      }
  26   2                      if(key==1)
  27   2                      {
  28   3      //                      delay(5);
  29   3                              if(key==1)      
  30   3                              {       led=1;
  31   4                                      key_s=0;}
  32   3                      }
  33   2              
  34   2                      while(key==0 && key_s==1)
  35   2                      {
  36   3                                      delay(50);
  37   3                              if(key==0)
  38   3                              {led=!led;
  39   4                              delay(500);}
  40   3                      }
  41   2      
  42   2                      key_s=0;
  43   2              
  44   2              }       
  45   1      }
  46          
  47          
  48          
  49          
  50          


MODULE INFORMATION:   STATIC OVERLAYABLE
   CODE SIZE        =     88    ----
   CONSTANT SIZE    =   ----    ----
C51 COMPILER V9.01   _´¼ü¿Ø_ÆLEDµÆÉÁË¸                                                     04/12/2017 18:15:47 PAGE 2   

   XDATA SIZE       =   ----    ----
   PDATA SIZE       =   ----    ----
   DATA SIZE        =   ----    ----
   IDATA SIZE       =   ----    ----
   BIT SIZE         =   ----    ----
END OF MODULE INFORMATION.


C51 COMPILATION COMPLETE.  0 WARNING(S),  0 ERROR(S)
