C51 COMPILER V9.01   点亮发_二极_                                                        04/11/2017 21:02:24 PAGE 1   


C51 COMPILER V9.01, COMPILATION OF MODULE 点亮发_二极_
OBJECT MODULE PLACED IN 点亮发光二极管.OBJ
COMPILER INVOKED BY: F:\Keil\C51\BIN\C51.EXE 点亮发光二极管.c BROWSE DEBUG OBJECTEXTEND

line level    source

   1          #include <reg52.h>
   2          sbit LED=P1^0;
   3          void main()
   4          {
   5   1              while(1)
   6   1              LED=0;
   7   1      }


MODULE INFORMATION:   STATIC OVERLAYABLE
   CODE SIZE        =      4    ----
   CONSTANT SIZE    =   ----    ----
   XDATA SIZE       =   ----    ----
   PDATA SIZE       =   ----    ----
   DATA SIZE        =   ----    ----
   IDATA SIZE       =   ----    ----
   BIT SIZE         =   ----    ----
END OF MODULE INFORMATION.


C51 COMPILATION COMPLETE.  0 WARNING(S),  0 ERROR(S)
