C51 COMPILER V9.01   ≈__Ìµ∆                                                                04/12/2017 15:57:21 PAGE 1   


C51 COMPILER V9.01, COMPILATION OF MODULE ≈__Ìµ∆
OBJECT MODULE PLACED IN ≈‹¬Ìµ∆.OBJ
COMPILER INVOKED BY: F:\Keil\C51\BIN\C51.EXE ≈‹¬Ìµ∆.c BROWSE DEBUG OBJECTEXTEND

line level    source

   1          #include<reg52.h>
   2          unsigned char tab[]={0xfe,0xfd,0xfb,0xf7,0xef,0xdf,0xbf,0x7f};
   3          void delay(unsigned char x)
   4          {
   5   1              unsigned char i,j;
   6   1                      for(i=x;i>0;i--)
   7   1                              for(j=110;j>0;j--);
   8   1      }
   9          void main()
  10          {
  11   1              unsigned char i=0;
  12   1              while(1)
  13   1              for(i=0;i<8;i++)
  14   1              {
  15   2                      P1=tab[i];
  16   2                      delay(200);
  17   2              }  
  18   1      }
  19          
  20          
  21          
  22          
  23          


MODULE INFORMATION:   STATIC OVERLAYABLE
   CODE SIZE        =     34    ----
   CONSTANT SIZE    =   ----    ----
   XDATA SIZE       =   ----    ----
   PDATA SIZE       =   ----    ----
   DATA SIZE        =      8    ----
   IDATA SIZE       =   ----    ----
   BIT SIZE         =   ----    ----
END OF MODULE INFORMATION.


C51 COMPILATION COMPLETE.  0 WARNING(S),  0 ERROR(S)
