C51 COMPILER V9.01   ≈__Ìµ∆_1_                                                             04/12/2017 16:32:47 PAGE 1   


C51 COMPILER V9.01, COMPILATION OF MODULE ≈__Ìµ∆_1_
OBJECT MODULE PLACED IN ≈‹¬Ìµ∆(1).OBJ
COMPILER INVOKED BY: F:\Keil\C51\BIN\C51.EXE ≈‹¬Ìµ∆(1).c BROWSE DEBUG OBJECTEXTEND

line level    source

   1          #include<reg52.h>
   2          #include<intrins.h>
   3          unsigned char code tab[]={
   4          0x3f,0x06,0x5b,0x4f,
   5          0x66,0x6d,0x7d,0x07,
   6          0x7f,0x6f,0x77,0x7c,
   7          0x39,0x5e,0x79,0x71};
   8          sbit dula=P2^6;
   9          sbit wela=P2^7;
  10          
  11          void delay(unsigned int x)
  12          {
  13   1              unsigned int i,j;
  14   1                      for(i=x;i>0;i--)
  15   1                              for(j=110;j>0;j--);
  16   1      }
  17          void main()
  18          {
  19   1              unsigned char i;
  20   1              wela=1;
  21   1              P0=0xfe;
  22   1              wela=0;
  23   1              dula=1;
  24   1              while(1)
  25   1              {
  26   2                      for(i=0;i<16;i++)
  27   2                      {
  28   3                              P0=tab[i];
  29   3                              delay(500);
  30   3                      }
  31   2              }
  32   1      }


MODULE INFORMATION:   STATIC OVERLAYABLE
   CODE SIZE        =     61    ----
   CONSTANT SIZE    =     16    ----
   XDATA SIZE       =   ----    ----
   PDATA SIZE       =   ----    ----
   DATA SIZE        =   ----    ----
   IDATA SIZE       =   ----    ----
   BIT SIZE         =   ----    ----
END OF MODULE INFORMATION.


C51 COMPILATION COMPLETE.  0 WARNING(S),  0 ERROR(S)
