C51 COMPILER V9.01   2017_3_20                                                             03/22/2017 19:11:31 PAGE 1   


C51 COMPILER V9.01, COMPILATION OF MODULE 2017_3_20
OBJECT MODULE PLACED IN 2017-3-20.OBJ
COMPILER INVOKED BY: F:\Keil\C51\BIN\C51.EXE 2017-3-20.c BROWSE DEBUG OBJECTEXTEND

line level    source

   1          #include<reg52.h>
   2          #define uint unsigned int 
   3          #define uchar unsigned char 
   4          sbit dula=P2^6;
   5          sbit wela=P2^7;
   6          sbit led1=P1^0;
   7          uchar code table[]={
   8          0x3f,0x06,0x5b,0x4f,
   9          0x66,0x6d,0x7d,0x07,
  10          0x7f,0x6f,0x77,0x7c,
  11          0x39,0x5e,0x79,0x71};
  12          uchar num,num1,num2,ge,shi,bai;
  13          void delay(uint z);
  14          void display(uchar,uchar ,uchar);
  15          void main()
  16          {       led1=0;
  17   1              TMOD=0X11;
  18   1              TH0=(65536-45872)/256;
  19   1              TL0=(65536-45872)%256;
  20   1              TH1=(65536-45872)/256;
  21   1              TL1=(65536-45872)%256;
  22   1              EA=1;
  23   1              ET0=1;
  24   1              ET1=1;
  25   1              TR0=1;
  26   1              TR1=1;
  27   1              while(1)
  28   1              {
  29   2                      display(bai,shi,ge);
  30   2              }
  31   1      }
  32          
  33          void display(uchar bai,uchar shi,uchar ge)
  34          {
  35   1              wela=1;             //ge
  36   1              P0=0xfe;
  37   1              wela=0;
  38   1      
  39   1              dula=1;
  40   1              P0=table[ge];
  41   1              dula=0;                 delay(5);
  42   1      
  43   1              wela=1;                         //shi
  44   1              P0=0xfd;
  45   1              wela=0;
  46   1      
  47   1              dula=1;
  48   1              P0=table[shi];
  49   1              dula=0;         delay(5);
  50   1              
  51   1              
  52   1              wela=1;                           //bai
  53   1              P0=0xfb;
  54   1              wela=0;
  55   1      
C51 COMPILER V9.01   2017_3_20                                                             03/22/2017 19:11:31 PAGE 2   

  56   1              dula=1;
  57   1              P0=table[bai];
  58   1              dula=0;         delay(5);
  59   1      }
  60          
  61          void delay(uint xms)
  62          {
  63   1              uint i,j;
  64   1              for(i=xms;i>0;i--)
  65   1                      for(j=110;j>0;j--);
  66   1      }
  67          
  68          void T0_time() interrupt 1
  69          {
  70   1              TH0=(65536-45872)/256;
  71   1              TL0=(65536-45872)%256;
  72   1              num1++;
  73   1              if(num1==10)
  74   1              {       
  75   2                      num1=0;
  76   2                      led1=~led1;
  77   2              }
  78   1      }                                                               
  79          
  80          void T1_time() interrupt 3
  81          {
  82   1              TH1=(65536-45872)/256;
  83   1              TL1=(65536-45872)%256;
  84   1              num2++;
  85   1              if(num2==5)
  86   1              {
  87   2                      num2=0;
  88   2                      num++;
  89   2                      if(num==152)
  90   2                              num=0;
  91   2                              bai=num/100;
  92   2                              shi=(num/10)%10;
  93   2                              ge=num%10;
  94   2              }
  95   1      }
  96          
  97          
  98          
  99          
 100          


MODULE INFORMATION:   STATIC OVERLAYABLE
   CODE SIZE        =    233    ----
   CONSTANT SIZE    =     16    ----
   XDATA SIZE       =   ----    ----
   PDATA SIZE       =   ----    ----
   DATA SIZE        =      6       2
   IDATA SIZE       =   ----    ----
   BIT SIZE         =   ----    ----
END OF MODULE INFORMATION.


C51 COMPILATION COMPLETE.  0 WARNING(S),  0 ERROR(S)
