C51 COMPILER V9.01   ¼ÓÇ¿_æÁ÷Ë®µÆ                                                          04/02/2017 20:01:03 PAGE 1   


C51 COMPILER V9.01, COMPILATION OF MODULE ¼ÓÇ¿_æÁ÷Ë®µÆ
OBJECT MODULE PLACED IN ¼ÓÇ¿°æÁ÷Ë®µÆ.OBJ
COMPILER INVOKED BY: F:\Keil\C51\BIN\C51.EXE ¼ÓÇ¿°æÁ÷Ë®µÆ.c BROWSE DEBUG OBJECTEXTEND

line level    source

   1          #include<reg52.h>
   2          void Delay10ms(unsigned int c)  ;
   3          unsigned char d,e;
   4          unsigned char f;
   5          sbit beet=P3^3;
   6          void display();
   7          void fengming();
   8          void main()
   9          {
  10   1              while(1)
  11   1              {
  12   2                      display();
  13   2      
  14   2              }
  15   1              
  16   1      }  
  17          void Delay10ms(unsigned int c)  
  18          {
  19   1          unsigned char a, b;
  20   1          for (;c>0;c--)
  21   1              {
  22   2                      for (b=38;b>0;b--)
  23   2                      {
  24   3                              for (a=130;a>0;a--);
  25   3                      }
  26   2                 
  27   2              }
  28   1              
  29   1      }
  30          void fengming()
  31          {
  32   1      
  33   1                      beet=1;
  34   1                              for(e=0;e<5;e++)
  35   1                                      for(f=0;f<200;f++);
  36   1                      beet=0;
  37   1                              for(e=0;e<5;e++)
  38   1                                      for(f=0;f<200;f++);     
  39   1      }
  40          void display()
  41          {
  42   1                      P0=0x01;
  43   1                      Delay10ms(50);fengming();  
  44   1                      P0=0x02;        
  45   1                      Delay10ms(50); fengming();
  46   1                      P0=0x04;        
  47   1                      Delay10ms(50);  fengming();
  48   1                      P0=0x08;        
  49   1                      Delay10ms(50);fengming() ;
  50   1                      P0=0x10;        
  51   1                      Delay10ms(50);fengming() ;   
  52   1                      P0=0x40;        
  53   1                      Delay10ms(50);fengming() ;  
  54   1                      P0=0x80;        
  55   1                      Delay10ms(50); fengming();  
C51 COMPILER V9.01   ¼ÓÇ¿_æÁ÷Ë®µÆ                                                          04/02/2017 20:01:03 PAGE 2   

  56   1                      P0=0x81;
  57   1                              Delay10ms(50);fengming(); 
  58   1                      P0=0x82;
  59   1                              Delay10ms(50);fengming(); 
  60   1                      P0=0x84;
  61   1                              Delay10ms(50);fengming();
  62   1                      P0=0x88;
  63   1                              Delay10ms(50);fengming(); 
  64   1                      P0=0x90;
  65   1                              Delay10ms(50); fengming();
  66   1                      P0=0xc0;
  67   1                              Delay10ms(50);fengming(); 
  68   1                      P0=0xc1;
  69   1                              Delay10ms(50); fengming();
  70   1                      P0=0xc2;
  71   1                              Delay10ms(50);fengming() ;
  72   1                      P0=0xc4;
  73   1                              Delay10ms(50);fengming(); 
  74   1                      P0=0xc8;
  75   1                              Delay10ms(50); fengming();
  76   1                      P0=0xd0;
  77   1                              Delay10ms(50);fengming(); 
  78   1                      P0=0xd1;
  79   1                              Delay10ms(50);fengming(); 
  80   1                      P0=0xd2;
  81   1                              Delay10ms(50); fengming();
  82   1                      P0=0xd4;
  83   1                              Delay10ms(50);fengming(); 
  84   1                      P0=0xd8;
  85   1                              Delay10ms(50); fengming();
  86   1                      P0=0xf9;
  87   1                              Delay10ms(50); fengming();
  88   1                      P0=0xfa;
  89   1                              Delay10ms(50); fengming();
  90   1                      P0=0xfc;
  91   1                              Delay10ms(50);fengming(); 
  92   1                      P0=0xfd;
  93   1                              Delay10ms(50); fengming();
  94   1                      P0=0xfe; 
  95   1                              Delay10ms(50);fengming();
  96   1                      P0=0xff;                           
  97   1                              Delay10ms(100); fengming();
  98   1                      P0=0x00;
  99   1                              Delay10ms(50); fengming();
 100   1                      P0=0xff;
 101   1                              Delay10ms(50); fengming();
 102   1                      P0=0x00;
 103   1                              Delay10ms(50);fengming();
 104   1                      P0=0xff;
 105   1                              Delay10ms(50);fengming(); 
 106   1                      P0=0x00; 
 107   1                              Delay10ms(50);fengming();
 108   1                      P0=0xff;                           
 109   1                              Delay10ms(50); fengming();
 110   1      
 111   1      
 112   1      }       


MODULE INFORMATION:   STATIC OVERLAYABLE
   CODE SIZE        =    298    ----
   CONSTANT SIZE    =   ----    ----
C51 COMPILER V9.01   ¼ÓÇ¿_æÁ÷Ë®µÆ                                                          04/02/2017 20:01:03 PAGE 3   

   XDATA SIZE       =   ----    ----
   PDATA SIZE       =   ----    ----
   DATA SIZE        =      3    ----
   IDATA SIZE       =   ----    ----
   BIT SIZE         =   ----    ----
END OF MODULE INFORMATION.


C51 COMPILATION COMPLETE.  0 WARNING(S),  0 ERROR(S)
