C51 COMPILER V9.01   3_2                                                                   04/21/2017 12:17:31 PAGE 1   


C51 COMPILER V9.01, COMPILATION OF MODULE 3_2
OBJECT MODULE PLACED IN 3.2.OBJ
COMPILER INVOKED BY: F:\Keil\C51\BIN\C51.EXE 3.2.c BROWSE DEBUG OBJECTEXTEND

line level    source

   1          #include<reg52.h>  //52单片机头文件
   2          #include <intrins.h> //包含有左右循环移位子函数的库
   3          #define uint unsigned int    //宏定义
   4          #define uchar unsigned char  //宏定义
   5          sbit P1_0=P1^0;
   6          uchar table[]={0x01,0x02,0x04,0x08,0x10,0x20,0x40,0x80};
   7          uchar tab[]={0xfe,0xfd,0xfb,0xf7,0xef,0xdf,0xbf,0x7f};
   8          uchar tt,i;
   9          void main()                 //主函数
  10          {
  11   1              TMOD=0x01;//设置定时器0为工作方式1
  12   1              TH0=(65536-50000)/256;
  13   1              TL0=(65536-50000)%256;
  14   1              EA=1;//开总中断
  15   1              ET0=1;//开定时器0中断
  16   1              TR0=1;//启动定时器0
  17   1              i=0;
  18   1              while(1);//等待中断产生
  19   1              
  20   1      }
  21          
  22          void timer0() interrupt 1
  23          {
  24   1              TH0=(65536-50000)/256;
  25   1              TL0=(65536-50000)%256;
  26   1              tt++;
  27   1              if(tt%2==0)
  28   1              {
  29   2                      P1=tab[i];
  30   2                              
  31   2              }
  32   1              else
  33   1                      P1=0xff;
  34   1              if(tt==20)
  35   1              {
  36   2                      tt=0;
  37   2                      P1=tab[i];
  38   2                      i++;
  39   2                      if(i==8) i=0;
  40   2              }
  41   1      }


MODULE INFORMATION:   STATIC OVERLAYABLE
   CODE SIZE        =     88    ----
   CONSTANT SIZE    =   ----    ----
   XDATA SIZE       =   ----    ----
   PDATA SIZE       =   ----    ----
   DATA SIZE        =     18    ----
   IDATA SIZE       =   ----    ----
   BIT SIZE         =   ----    ----
END OF MODULE INFORMATION.


C51 COMPILATION COMPLETE.  0 WARNING(S),  0 ERROR(S)
